{"/home/norman/Lendis/code/lambda-wrappers/src/lambda/Wrapper.ts": {"path":"/home/norman/Lendis/code/lambda-wrappers/src/lambda/Wrapper.ts","statementMap":{"0":{"start":{"line":2,"column":0},"end":{"line":2,"column":53}},"1":{"start":{"line":8,"column":0},"end":{"line":8,"column":37}},"2":{"start":{"line":9,"column":0},"end":{"line":9,"column":68}},"3":{"start":{"line":10,"column":0},"end":{"line":10,"column":44}},"4":{"start":{"line":11,"column":0},"end":{"line":11,"column":56}},"5":{"start":{"line":14,"column":37},"end":{"line":51,"column":1}},"6":{"start":{"line":18,"column":24},"end":{"line":18,"column":29}},"7":{"start":{"line":21,"column":2},"end":{"line":50,"column":4}},"8":{"start":{"line":26,"column":4},"end":{"line":30,"column":null}},"9":{"start":{"line":27,"column":6},"end":{"line":27,"column":51}},"10":{"start":{"line":28,"column":6},"end":{"line":28,"column":48}},"11":{"start":{"line":28,"column":16},"end":{"line":28,"column":48}},"12":{"start":{"line":29,"column":6},"end":{"line":29,"column":20}},"13":{"start":{"line":33,"column":4},"end":{"line":49,"column":7}},"14":{"start":{"line":34,"column":24},"end":{"line":42,"column":7}},"15":{"start":{"line":35,"column":8},"end":{"line":35,"column":53}},"16":{"start":{"line":37,"column":8},"end":{"line":41,"column":null}},"17":{"start":{"line":38,"column":10},"end":{"line":38,"column":29}},"18":{"start":{"line":40,"column":10},"end":{"line":40,"column":30}},"19":{"start":{"line":44,"column":18},"end":{"line":44,"column":72}},"20":{"start":{"line":46,"column":6},"end":{"line":48,"column":null}},"21":{"start":{"line":47,"column":8},"end":{"line":47,"column":40}},"22":{"start":{"line":14,"column":13},"end":{"line":14,"column":37}},"23":{"start":{"line":53,"column":34},"end":{"line":86,"column":1}},"24":{"start":{"line":65,"column":23},"end":{"line":67,"column":null}},"25":{"start":{"line":70,"column":2},"end":{"line":70,"column":47}},"26":{"start":{"line":72,"column":34},"end":{"line":74,"column":null}},"27":{"start":{"line":77,"column":2},"end":{"line":79,"column":null}},"28":{"start":{"line":78,"column":4},"end":{"line":78,"column":70}},"29":{"start":{"line":81,"column":2},"end":{"line":83,"column":null}},"30":{"start":{"line":82,"column":4},"end":{"line":82,"column":79}},"31":{"start":{"line":85,"column":2},"end":{"line":85,"column":35}},"32":{"start":{"line":53,"column":13},"end":{"line":53,"column":34}},"33":{"start":{"line":88,"column":20},"end":{"line":104,"column":1}},"34":{"start":{"line":91,"column":2},"end":{"line":103,"column":4}},"35":{"start":{"line":92,"column":4},"end":{"line":102,"column":null}},"36":{"start":{"line":93,"column":6},"end":{"line":93,"column":47}},"37":{"start":{"line":94,"column":6},"end":{"line":94,"column":52}},"38":{"start":{"line":96,"column":6},"end":{"line":96,"column":64}},"39":{"start":{"line":97,"column":6},"end":{"line":97,"column":19}},"40":{"start":{"line":99,"column":6},"end":{"line":99,"column":67}},"41":{"start":{"line":100,"column":6},"end":{"line":100,"column":25}},"42":{"start":{"line":101,"column":6},"end":{"line":101,"column":14}}},"fnMap":{"0":{"name":"(anonymous_0)","decl":{"start":{"line":14,"column":37},"end":{"line":14,"column":null}},"loc":{"start":{"line":17,"column":49},"end":{"line":51,"column":1}}},"1":{"name":"wrappedInitableHandler","decl":{"start":{"line":21,"column":24},"end":{"line":21,"column":46}},"loc":{"start":{"line":24,"column":20},"end":{"line":50,"column":3}}},"2":{"name":"(anonymous_2)","decl":{"start":{"line":33,"column":33},"end":{"line":33,"column":34}},"loc":{"start":{"line":33,"column":53},"end":{"line":49,"column":5}}},"3":{"name":"(anonymous_3)","decl":{"start":{"line":34,"column":24},"end":{"line":34,"column":34}},"loc":{"start":{"line":34,"column":52},"end":{"line":42,"column":7}}},"4":{"name":"(anonymous_4)","decl":{"start":{"line":53,"column":34},"end":{"line":53,"column":null}},"loc":{"start":{"line":63,"column":4},"end":{"line":86,"column":1}}},"5":{"name":"(anonymous_5)","decl":{"start":{"line":88,"column":20},"end":{"line":88,"column":null}},"loc":{"start":{"line":90,"column":4},"end":{"line":104,"column":1}}},"6":{"name":"(anonymous_6)","decl":{"start":{"line":91,"column":9},"end":{"line":91,"column":14}},"loc":{"start":{"line":91,"column":48},"end":{"line":103,"column":3}}}},"branchMap":{"0":{"loc":{"start":{"line":26,"column":4},"end":{"line":30,"column":null}},"type":"if","locations":[{"start":{"line":26,"column":4},"end":{"line":30,"column":null}}]},"1":{"loc":{"start":{"line":28,"column":6},"end":{"line":28,"column":48}},"type":"if","locations":[{"start":{"line":28,"column":6},"end":{"line":28,"column":48}}]},"2":{"loc":{"start":{"line":37,"column":8},"end":{"line":41,"column":null}},"type":"if","locations":[{"start":{"line":37,"column":8},"end":{"line":41,"column":null}},{"start":{"line":39,"column":15},"end":{"line":41,"column":null}}]},"3":{"loc":{"start":{"line":46,"column":6},"end":{"line":48,"column":null}},"type":"if","locations":[{"start":{"line":46,"column":6},"end":{"line":48,"column":null}}]},"4":{"loc":{"start":{"line":46,"column":10},"end":{"line":46,"column":25}},"type":"binary-expr","locations":[{"start":{"line":46,"column":10},"end":{"line":46,"column":13}},{"start":{"line":46,"column":17},"end":{"line":46,"column":25}}]},"5":{"loc":{"start":{"line":74,"column":4},"end":{"line":74,"column":39}},"type":"cond-expr","locations":[{"start":{"line":74,"column":33},"end":{"line":74,"column":37}},{"start":{"line":74,"column":37},"end":{"line":74,"column":39}}]},"6":{"loc":{"start":{"line":74,"column":4},"end":{"line":74,"column":37}},"type":"binary-expr","locations":[{"start":{"line":74,"column":4},"end":{"line":74,"column":37}},{"start":{"line":74,"column":33},"end":{"line":74,"column":37}}]},"7":{"loc":{"start":{"line":77,"column":2},"end":{"line":79,"column":null}},"type":"if","locations":[{"start":{"line":77,"column":2},"end":{"line":79,"column":null}}]},"8":{"loc":{"start":{"line":81,"column":2},"end":{"line":83,"column":null}},"type":"if","locations":[{"start":{"line":81,"column":2},"end":{"line":83,"column":null}}]}},"s":{"0":8,"1":8,"2":8,"3":8,"4":8,"5":8,"6":35,"7":35,"8":37,"9":31,"10":31,"11":11,"12":31,"13":37,"14":37,"15":2,"16":2,"17":1,"18":1,"19":37,"20":37,"21":35,"22":8,"23":8,"24":34,"25":34,"26":34,"27":34,"28":5,"29":34,"30":11,"31":34,"32":8,"33":8,"34":34,"35":35,"36":35,"37":35,"38":7,"39":7,"40":7,"41":7,"42":7},"f":{"0":35,"1":37,"2":37,"3":2,"4":34,"5":34,"6":35},"b":{"0":[31],"1":[11],"2":[1,1],"3":[35],"4":[37,35],"5":[18,16],"6":[34,34],"7":[5],"8":[11]}}
,"/home/norman/Lendis/code/lambda-wrappers/src/lambda/ApiGateway/ControllerFactory.ts": {"path":"/home/norman/Lendis/code/lambda-wrappers/src/lambda/ApiGateway/ControllerFactory.ts","statementMap":{"0":{"start":{"line":6,"column":0},"end":{"line":6,"column":48}},"1":{"start":{"line":9,"column":0},"end":{"line":9,"column":73}},"2":{"start":{"line":43,"column":24},"end":{"line":43,"column":40}},"3":{"start":{"line":45,"column":16},"end":{"line":45,"column":76}},"4":{"start":{"line":46,"column":4},"end":{"line":46,"column":30}},"5":{"start":{"line":47,"column":4},"end":{"line":47,"column":43}},"6":{"start":{"line":48,"column":4},"end":{"line":48,"column":33}},"7":{"start":{"line":49,"column":4},"end":{"line":49,"column":33}},"8":{"start":{"line":50,"column":4},"end":{"line":50,"column":15}},"9":{"start":{"line":54,"column":16},"end":{"line":54,"column":75}},"10":{"start":{"line":55,"column":4},"end":{"line":55,"column":31}},"11":{"start":{"line":56,"column":4},"end":{"line":56,"column":41}},"12":{"start":{"line":57,"column":4},"end":{"line":57,"column":33}},"13":{"start":{"line":58,"column":4},"end":{"line":58,"column":33}},"14":{"start":{"line":59,"column":4},"end":{"line":59,"column":15}},"15":{"start":{"line":68,"column":16},"end":{"line":68,"column":null}},"16":{"start":{"line":76,"column":4},"end":{"line":76,"column":38}},"17":{"start":{"line":77,"column":4},"end":{"line":77,"column":73}},"18":{"start":{"line":78,"column":4},"end":{"line":78,"column":41}},"19":{"start":{"line":79,"column":4},"end":{"line":79,"column":43}},"20":{"start":{"line":80,"column":4},"end":{"line":80,"column":33}},"21":{"start":{"line":81,"column":4},"end":{"line":81,"column":15}},"22":{"start":{"line":85,"column":16},"end":{"line":85,"column":76}},"23":{"start":{"line":86,"column":4},"end":{"line":86,"column":41}},"24":{"start":{"line":87,"column":4},"end":{"line":87,"column":43}},"25":{"start":{"line":88,"column":4},"end":{"line":88,"column":33}},"26":{"start":{"line":89,"column":4},"end":{"line":89,"column":33}},"27":{"start":{"line":90,"column":4},"end":{"line":90,"column":15}},"28":{"start":{"line":94,"column":16},"end":{"line":94,"column":75}},"29":{"start":{"line":95,"column":4},"end":{"line":95,"column":41}},"30":{"start":{"line":96,"column":4},"end":{"line":96,"column":43}},"31":{"start":{"line":97,"column":4},"end":{"line":97,"column":33}},"32":{"start":{"line":98,"column":4},"end":{"line":98,"column":33}},"33":{"start":{"line":99,"column":4},"end":{"line":99,"column":15}},"34":{"start":{"line":103,"column":16},"end":{"line":103,"column":74}},"35":{"start":{"line":104,"column":4},"end":{"line":104,"column":41}},"36":{"start":{"line":105,"column":4},"end":{"line":105,"column":43}},"37":{"start":{"line":106,"column":4},"end":{"line":106,"column":33}},"38":{"start":{"line":107,"column":4},"end":{"line":107,"column":27}},"39":{"start":{"line":108,"column":4},"end":{"line":108,"column":15}},"40":{"start":{"line":122,"column":27},"end":{"line":154,"column":5}},"41":{"start":{"line":128,"column":10},"end":{"line":137,"column":8}},"42":{"start":{"line":135,"column":10},"end":{"line":135,"column":49}},"43":{"start":{"line":139,"column":22},"end":{"line":148,"column":23}},"44":{"start":{"line":147,"column":8},"end":{"line":147,"column":51}},"45":{"start":{"line":150,"column":6},"end":{"line":153,"column":8}},"46":{"start":{"line":156,"column":4},"end":{"line":156,"column":26}},"47":{"start":{"line":174,"column":4},"end":{"line":181,"column":8}},"48":{"start":{"line":27,"column":0},"end":{"line":27,"column":13}}},"fnMap":{"0":{"name":"(anonymous_0)","decl":{"start":{"line":42,"column":2},"end":{"line":42,"column":16}},"loc":{"start":{"line":42,"column":48},"end":{"line":51,"column":3}}},"1":{"name":"(anonymous_1)","decl":{"start":{"line":53,"column":2},"end":{"line":53,"column":17}},"loc":{"start":{"line":53,"column":49},"end":{"line":60,"column":3}}},"2":{"name":"(anonymous_2)","decl":{"start":{"line":62,"column":2},"end":{"line":62,"column":13}},"loc":{"start":{"line":66,"column":28},"end":{"line":82,"column":3}}},"3":{"name":"(anonymous_3)","decl":{"start":{"line":84,"column":2},"end":{"line":84,"column":16}},"loc":{"start":{"line":84,"column":16},"end":{"line":91,"column":3}}},"4":{"name":"(anonymous_4)","decl":{"start":{"line":93,"column":2},"end":{"line":93,"column":17}},"loc":{"start":{"line":93,"column":17},"end":{"line":100,"column":3}}},"5":{"name":"(anonymous_5)","decl":{"start":{"line":102,"column":2},"end":{"line":102,"column":12}},"loc":{"start":{"line":102,"column":41},"end":{"line":109,"column":3}}},"6":{"name":"(anonymous_6)","decl":{"start":{"line":111,"column":2},"end":{"line":111,"column":20}},"loc":{"start":{"line":111,"column":20},"end":{"line":157,"column":3}}},"7":{"name":"(anonymous_7)","decl":{"start":{"line":122,"column":27},"end":{"line":122,"column":28}},"loc":{"start":{"line":122,"column":76},"end":{"line":154,"column":5}}},"8":{"name":"(anonymous_8)","decl":{"start":{"line":134,"column":22},"end":{"line":134,"column":27}},"loc":{"start":{"line":134,"column":40},"end":{"line":136,"column":9}}},"9":{"name":"(anonymous_9)","decl":{"start":{"line":146,"column":8},"end":{"line":146,"column":9}},"loc":{"start":{"line":146,"column":36},"end":{"line":148,"column":7}}},"10":{"name":"(anonymous_10)","decl":{"start":{"line":159,"column":2},"end":{"line":159,"column":6}},"loc":{"start":{"line":159,"column":6},"end":{"line":182,"column":3}}}},"branchMap":{"0":{"loc":{"start":{"line":66,"column":4},"end":{"line":66,"column":28}},"type":"default-arg","locations":[{"start":{"line":66,"column":24},"end":{"line":66,"column":28}}]},"1":{"loc":{"start":{"line":76,"column":19},"end":{"line":76,"column":37}},"type":"binary-expr","locations":[{"start":{"line":76,"column":19},"end":{"line":76,"column":31}},{"start":{"line":76,"column":35},"end":{"line":76,"column":37}}]}},"s":{"0":1,"1":1,"2":1,"3":1,"4":1,"5":1,"6":1,"7":1,"8":1,"9":1,"10":1,"11":1,"12":1,"13":1,"14":1,"15":2,"16":2,"17":2,"18":2,"19":2,"20":2,"21":2,"22":1,"23":1,"24":1,"25":1,"26":1,"27":1,"28":1,"29":1,"30":1,"31":1,"32":1,"33":1,"34":2,"35":2,"36":2,"37":2,"38":2,"39":2,"40":2,"41":2,"42":1,"43":2,"44":1,"45":2,"46":2,"47":8,"48":1},"f":{"0":1,"1":1,"2":2,"3":1,"4":1,"5":2,"6":2,"7":2,"8":1,"9":1,"10":8},"b":{"0":[1],"1":[2,2]}}
,"/home/norman/Lendis/code/lambda-wrappers/src/lambda/ApiGateway/api.ts": {"path":"/home/norman/Lendis/code/lambda-wrappers/src/lambda/ApiGateway/api.ts","statementMap":{"0":{"start":{"line":10,"column":0},"end":{"line":10,"column":56}},"1":{"start":{"line":16,"column":0},"end":{"line":16,"column":72}},"2":{"start":{"line":18,"column":0},"end":{"line":18,"column":38}},"3":{"start":{"line":19,"column":0},"end":{"line":19,"column":48}},"4":{"start":{"line":20,"column":0},"end":{"line":20,"column":69}},"5":{"start":{"line":21,"column":0},"end":{"line":21,"column":62}},"6":{"start":{"line":22,"column":0},"end":{"line":22,"column":61}},"7":{"start":{"line":29,"column":39},"end":{"line":256,"column":1}},"8":{"start":{"line":51,"column":24},"end":{"line":140,"column":3}},"9":{"start":{"line":54,"column":4},"end":{"line":67,"column":null}},"10":{"start":{"line":56,"column":8},"end":{"line":56,"column":71}},"11":{"start":{"line":57,"column":6},"end":{"line":57,"column":30}},"12":{"start":{"line":58,"column":6},"end":{"line":58,"column":26}},"13":{"start":{"line":59,"column":6},"end":{"line":59,"column":47}},"14":{"start":{"line":61,"column":6},"end":{"line":66,"column":8}},"15":{"start":{"line":69,"column":25},"end":{"line":69,"column":43}},"16":{"start":{"line":70,"column":20},"end":{"line":70,"column":41}},"17":{"start":{"line":72,"column":4},"end":{"line":92,"column":null}},"18":{"start":{"line":73,"column":6},"end":{"line":73,"column":57}},"19":{"start":{"line":76,"column":6},"end":{"line":84,"column":null}},"20":{"start":{"line":77,"column":8},"end":{"line":81,"column":null}},"21":{"start":{"line":78,"column":10},"end":{"line":78,"column":39}},"22":{"start":{"line":80,"column":10},"end":{"line":80,"column":41}},"23":{"start":{"line":83,"column":8},"end":{"line":83,"column":39}},"24":{"start":{"line":86,"column":6},"end":{"line":91,"column":8}},"25":{"start":{"line":94,"column":4},"end":{"line":101,"column":null}},"26":{"start":{"line":95,"column":6},"end":{"line":100,"column":8}},"27":{"start":{"line":103,"column":4},"end":{"line":110,"column":null}},"28":{"start":{"line":104,"column":6},"end":{"line":109,"column":8}},"29":{"start":{"line":111,"column":4},"end":{"line":123,"column":null}},"30":{"start":{"line":112,"column":6},"end":{"line":122,"column":null}},"31":{"start":{"line":113,"column":8},"end":{"line":113,"column":68}},"32":{"start":{"line":115,"column":8},"end":{"line":115,"column":27}},"33":{"start":{"line":116,"column":8},"end":{"line":121,"column":10}},"34":{"start":{"line":125,"column":4},"end":{"line":132,"column":null}},"35":{"start":{"line":126,"column":6},"end":{"line":131,"column":8}},"36":{"start":{"line":134,"column":4},"end":{"line":139,"column":6}},"37":{"start":{"line":141,"column":25},"end":{"line":143,"column":null}},"38":{"start":{"line":146,"column":28},"end":{"line":247,"column":3}},"39":{"start":{"line":154,"column":4},"end":{"line":154,"column":74}},"40":{"start":{"line":155,"column":4},"end":{"line":155,"column":21}},"41":{"start":{"line":156,"column":4},"end":{"line":246,"column":null}},"42":{"start":{"line":158,"column":53},"end":{"line":163,"column":null}},"43":{"start":{"line":166,"column":22},"end":{"line":166,"column":61}},"44":{"start":{"line":169,"column":6},"end":{"line":181,"column":null}},"45":{"start":{"line":170,"column":8},"end":{"line":170,"column":33}},"46":{"start":{"line":173,"column":8},"end":{"line":173,"column":27}},"47":{"start":{"line":174,"column":8},"end":{"line":180,"column":10}},"48":{"start":{"line":183,"column":6},"end":{"line":199,"column":null}},"49":{"start":{"line":184,"column":8},"end":{"line":198,"column":null}},"50":{"start":{"line":185,"column":10},"end":{"line":185,"column":60}},"51":{"start":{"line":187,"column":10},"end":{"line":189,"column":12}},"52":{"start":{"line":190,"column":10},"end":{"line":190,"column":23}},"53":{"start":{"line":191,"column":10},"end":{"line":191,"column":29}},"54":{"start":{"line":192,"column":10},"end":{"line":197,"column":12}},"55":{"start":{"line":201,"column":6},"end":{"line":201,"column":66}},"56":{"start":{"line":203,"column":6},"end":{"line":203,"column":78}},"57":{"start":{"line":207,"column":6},"end":{"line":217,"column":null}},"58":{"start":{"line":212,"column":21},"end":{"line":212,"column":40}},"59":{"start":{"line":213,"column":8},"end":{"line":216,"column":11}},"60":{"start":{"line":219,"column":6},"end":{"line":219,"column":41}},"61":{"start":{"line":220,"column":6},"end":{"line":220,"column":44}},"62":{"start":{"line":225,"column":6},"end":{"line":225,"column":43}},"63":{"start":{"line":227,"column":6},"end":{"line":229,"column":null}},"64":{"start":{"line":228,"column":8},"end":{"line":228,"column":27}},"65":{"start":{"line":233,"column":6},"end":{"line":236,"column":9}},"66":{"start":{"line":238,"column":6},"end":{"line":245,"column":8}},"67":{"start":{"line":249,"column":2},"end":{"line":254,"column":null}},"68":{"start":{"line":250,"column":20},"end":{"line":250,"column":62}},"69":{"start":{"line":251,"column":4},"end":{"line":251,"column":19}},"70":{"start":{"line":253,"column":4},"end":{"line":253,"column":29}},"71":{"start":{"line":29,"column":13},"end":{"line":29,"column":39}}},"fnMap":{"0":{"name":"(anonymous_6)","decl":{"start":{"line":29,"column":39},"end":{"line":29,"column":null}},"loc":{"start":{"line":47,"column":4},"end":{"line":256,"column":1}}},"1":{"name":"(anonymous_7)","decl":{"start":{"line":51,"column":24},"end":{"line":51,"column":29}},"loc":{"start":{"line":53,"column":38},"end":{"line":140,"column":3}}},"2":{"name":"handleAPIGateway","decl":{"start":{"line":146,"column":43},"end":{"line":146,"column":59}},"loc":{"start":{"line":149,"column":22},"end":{"line":247,"column":3}}}},"branchMap":{"0":{"loc":{"start":{"line":54,"column":4},"end":{"line":67,"column":null}},"type":"if","locations":[{"start":{"line":54,"column":4},"end":{"line":67,"column":null}}]},"1":{"loc":{"start":{"line":54,"column":8},"end":{"line":54,"column":75}},"type":"binary-expr","locations":[{"start":{"line":54,"column":8},"end":{"line":54,"column":39}},{"start":{"line":54,"column":43},"end":{"line":54,"column":75}}]},"2":{"loc":{"start":{"line":72,"column":4},"end":{"line":92,"column":null}},"type":"if","locations":[{"start":{"line":72,"column":4},"end":{"line":92,"column":null}}]},"3":{"loc":{"start":{"line":76,"column":6},"end":{"line":84,"column":null}},"type":"if","locations":[{"start":{"line":76,"column":6},"end":{"line":84,"column":null}},{"start":{"line":82,"column":13},"end":{"line":84,"column":null}}]},"4":{"loc":{"start":{"line":77,"column":8},"end":{"line":81,"column":null}},"type":"if","locations":[{"start":{"line":77,"column":8},"end":{"line":81,"column":null}},{"start":{"line":79,"column":15},"end":{"line":81,"column":null}}]},"5":{"loc":{"start":{"line":94,"column":4},"end":{"line":101,"column":null}},"type":"if","locations":[{"start":{"line":94,"column":4},"end":{"line":101,"column":null}}]},"6":{"loc":{"start":{"line":103,"column":4},"end":{"line":110,"column":null}},"type":"if","locations":[{"start":{"line":103,"column":4},"end":{"line":110,"column":null}}]},"7":{"loc":{"start":{"line":111,"column":4},"end":{"line":123,"column":null}},"type":"if","locations":[{"start":{"line":111,"column":4},"end":{"line":123,"column":null}}]},"8":{"loc":{"start":{"line":113,"column":14},"end":{"line":113,"column":67}},"type":"cond-expr","locations":[{"start":{"line":113,"column":43},"end":{"line":113,"column":45}},{"start":{"line":113,"column":43},"end":{"line":113,"column":67}}]},"9":{"loc":{"start":{"line":113,"column":14},"end":{"line":113,"column":45}},"type":"binary-expr","locations":[{"start":{"line":113,"column":14},"end":{"line":113,"column":45}},{"start":{"line":113,"column":43},"end":{"line":113,"column":45}}]},"10":{"loc":{"start":{"line":125,"column":4},"end":{"line":132,"column":null}},"type":"if","locations":[{"start":{"line":125,"column":4},"end":{"line":132,"column":null}}]},"11":{"loc":{"start":{"line":183,"column":6},"end":{"line":199,"column":null}},"type":"if","locations":[{"start":{"line":183,"column":6},"end":{"line":199,"column":null}}]},"12":{"loc":{"start":{"line":207,"column":6},"end":{"line":217,"column":null}},"type":"if","locations":[{"start":{"line":207,"column":6},"end":{"line":217,"column":null}}]},"13":{"loc":{"start":{"line":208,"column":8},"end":{"line":210,"column":35}},"type":"binary-expr","locations":[{"start":{"line":208,"column":8},"end":{"line":208,"column":38}},{"start":{"line":209,"column":8},"end":{"line":209,"column":29}},{"start":{"line":210,"column":8},"end":{"line":210,"column":35}}]},"14":{"loc":{"start":{"line":213,"column":8},"end":{"line":216,"column":10}},"type":"cond-expr","locations":[{"start":{"line":213,"column":37},"end":{"line":213,"column":39}},{"start":{"line":213,"column":37},"end":{"line":216,"column":10}}]},"15":{"loc":{"start":{"line":213,"column":8},"end":{"line":213,"column":39}},"type":"binary-expr","locations":[{"start":{"line":213,"column":8},"end":{"line":213,"column":39}},{"start":{"line":213,"column":37},"end":{"line":213,"column":39}}]},"16":{"loc":{"start":{"line":215,"column":19},"end":{"line":215,"column":62}},"type":"cond-expr","locations":[{"start":{"line":215,"column":43},"end":{"line":215,"column":55}},{"start":{"line":215,"column":58},"end":{"line":215,"column":62}}]},"17":{"loc":{"start":{"line":227,"column":6},"end":{"line":229,"column":null}},"type":"if","locations":[{"start":{"line":227,"column":6},"end":{"line":229,"column":null}}]},"18":{"loc":{"start":{"line":233,"column":6},"end":{"line":236,"column":8}},"type":"cond-expr","locations":[{"start":{"line":233,"column":35},"end":{"line":233,"column":37}},{"start":{"line":233,"column":35},"end":{"line":236,"column":8}}]},"19":{"loc":{"start":{"line":233,"column":6},"end":{"line":233,"column":37}},"type":"binary-expr","locations":[{"start":{"line":233,"column":6},"end":{"line":233,"column":37}},{"start":{"line":233,"column":35},"end":{"line":233,"column":37}}]},"20":{"loc":{"start":{"line":235,"column":17},"end":{"line":235,"column":51}},"type":"cond-expr","locations":[{"start":{"line":235,"column":38},"end":{"line":235,"column":47}},{"start":{"line":235,"column":50},"end":{"line":235,"column":51}}]},"21":{"loc":{"start":{"line":244,"column":11},"end":{"line":244,"column":48}},"type":"cond-expr","locations":[{"start":{"line":244,"column":35},"end":{"line":244,"column":36}},{"start":{"line":244,"column":39},"end":{"line":244,"column":48}}]},"22":{"loc":{"start":{"line":249,"column":2},"end":{"line":254,"column":null}},"type":"if","locations":[{"start":{"line":249,"column":2},"end":{"line":254,"column":null}},{"start":{"line":252,"column":9},"end":{"line":254,"column":null}}]}},"s":{"0":2,"1":2,"2":2,"3":2,"4":2,"5":2,"6":2,"7":2,"8":17,"9":16,"10":1,"11":1,"12":1,"13":1,"14":1,"15":15,"16":15,"17":15,"18":5,"19":5,"20":1,"21":1,"22":0,"23":4,"24":5,"25":10,"26":1,"27":9,"28":1,"29":8,"30":4,"31":4,"32":3,"33":3,"34":5,"35":1,"36":4,"37":17,"38":17,"39":22,"40":22,"41":22,"42":22,"43":22,"44":22,"45":22,"46":1,"47":1,"48":21,"49":5,"50":5,"51":3,"52":3,"53":3,"54":3,"55":18,"56":16,"57":16,"58":1,"59":1,"60":16,"61":16,"62":2,"63":2,"64":2,"65":2,"66":2,"67":17,"68":6,"69":6,"70":11,"71":2},"f":{"0":17,"1":16,"2":22},"b":{"0":[1],"1":[16,6],"2":[5],"3":[1,4],"4":[1,0],"5":[1],"6":[1],"7":[4],"8":[0,4],"9":[4,4],"10":[1],"11":[5],"12":[1],"13":[16,5,2],"14":[0,1],"15":[1,1],"16":[0,1],"17":[2],"18":[1,1],"19":[2,2],"20":[1,0],"21":[0,2],"22":[6,11]}}
,"/home/norman/Lendis/code/lambda-wrappers/src/lambda/ApiGateway/telemetry/ParentContext.ts": {"path":"/home/norman/Lendis/code/lambda-wrappers/src/lambda/ApiGateway/telemetry/ParentContext.ts","statementMap":{"0":{"start":{"line":1,"column":0},"end":{"line":1,"column":null}},"1":{"start":{"line":10,"column":0},"end":{"line":10,"column":41}},"2":{"start":{"line":11,"column":0},"end":{"line":11,"column":null}},"3":{"start":{"line":16,"column":45},"end":{"line":50,"column":1}},"4":{"start":{"line":17,"column":25},"end":{"line":17,"column":37}},"5":{"start":{"line":18,"column":28},"end":{"line":18,"column":33}},"6":{"start":{"line":20,"column":2},"end":{"line":26,"column":null}},"7":{"start":{"line":21,"column":4},"end":{"line":25,"column":6}},"8":{"start":{"line":28,"column":2},"end":{"line":30,"column":null}},"9":{"start":{"line":29,"column":4},"end":{"line":29,"column":36}},"10":{"start":{"line":44,"column":2},"end":{"line":48,"column":null}},"11":{"start":{"line":45,"column":4},"end":{"line":47,"column":6}},"12":{"start":{"line":49,"column":2},"end":{"line":49,"column":13}},"13":{"start":{"line":16,"column":13},"end":{"line":16,"column":45}}},"fnMap":{"0":{"name":"(anonymous_6)","decl":{"start":{"line":16,"column":45},"end":{"line":16,"column":46}},"loc":{"start":{"line":16,"column":72},"end":{"line":50,"column":1}}}},"branchMap":{"0":{"loc":{"start":{"line":20,"column":2},"end":{"line":26,"column":null}},"type":"if","locations":[{"start":{"line":20,"column":2},"end":{"line":26,"column":null}}]},"1":{"loc":{"start":{"line":20,"column":6},"end":{"line":20,"column":39}},"type":"binary-expr","locations":[{"start":{"line":20,"column":6},"end":{"line":20,"column":25}},{"start":{"line":20,"column":29},"end":{"line":20,"column":39}}]},"2":{"loc":{"start":{"line":28,"column":2},"end":{"line":30,"column":null}},"type":"if","locations":[{"start":{"line":28,"column":2},"end":{"line":30,"column":null}}]},"3":{"loc":{"start":{"line":44,"column":2},"end":{"line":48,"column":null}},"type":"if","locations":[{"start":{"line":44,"column":2},"end":{"line":48,"column":null}}]}},"s":{"0":4,"1":4,"2":4,"3":4,"4":14,"5":14,"6":14,"7":14,"8":14,"9":3,"10":14,"11":2,"12":14,"13":4},"f":{"0":14},"b":{"0":[14],"1":[14,0],"2":[3],"3":[2]}}
,"/home/norman/Lendis/code/lambda-wrappers/src/lambda/ApiGateway/telemetry/Wrapper.ts": {"path":"/home/norman/Lendis/code/lambda-wrappers/src/lambda/ApiGateway/telemetry/Wrapper.ts","statementMap":{"0":{"start":{"line":9,"column":0},"end":{"line":9,"column":64}},"1":{"start":{"line":10,"column":0},"end":{"line":10,"column":74}},"2":{"start":{"line":12,"column":0},"end":{"line":12,"column":46}},"3":{"start":{"line":13,"column":0},"end":{"line":13,"column":null}},"4":{"start":{"line":17,"column":0},"end":{"line":17,"column":54}},"5":{"start":{"line":18,"column":0},"end":{"line":18,"column":41}},"6":{"start":{"line":20,"column":39},"end":{"line":115,"column":1}},"7":{"start":{"line":23,"column":2},"end":{"line":114,"column":4}},"8":{"start":{"line":28,"column":26},"end":{"line":28,"column":62}},"9":{"start":{"line":29,"column":22},"end":{"line":29,"column":27}},"10":{"start":{"line":30,"column":27},"end":{"line":30,"column":51}},"11":{"start":{"line":32,"column":33},"end":{"line":39,"column":6}},"12":{"start":{"line":41,"column":4},"end":{"line":44,"column":null}},"13":{"start":{"line":42,"column":6},"end":{"line":43,"column":41}},"14":{"start":{"line":46,"column":4},"end":{"line":55,"column":null}},"15":{"start":{"line":47,"column":6},"end":{"line":54,"column":8}},"16":{"start":{"line":51,"column":24},"end":{"line":51,"column":78}},"17":{"start":{"line":57,"column":4},"end":{"line":68,"column":null}},"18":{"start":{"line":58,"column":6},"end":{"line":67,"column":8}},"19":{"start":{"line":61,"column":70},"end":{"line":65,"column":12}},"20":{"start":{"line":69,"column":4},"end":{"line":79,"column":null}},"21":{"start":{"line":70,"column":6},"end":{"line":78,"column":8}},"22":{"start":{"line":73,"column":67},"end":{"line":76,"column":12}},"23":{"start":{"line":81,"column":17},"end":{"line":87,"column":null}},"24":{"start":{"line":90,"column":4},"end":{"line":113,"column":null}},"25":{"start":{"line":91,"column":19},"end":{"line":93,"column":null}},"26":{"start":{"line":93,"column":14},"end":{"line":93,"column":47}},"27":{"start":{"line":96,"column":6},"end":{"line":101,"column":null}},"28":{"start":{"line":97,"column":8},"end":{"line":99,"column":10}},"29":{"start":{"line":100,"column":8},"end":{"line":100,"column":55}},"30":{"start":{"line":103,"column":6},"end":{"line":103,"column":17}},"31":{"start":{"line":104,"column":6},"end":{"line":104,"column":20}},"32":{"start":{"line":105,"column":6},"end":{"line":105,"column":69}},"33":{"start":{"line":106,"column":6},"end":{"line":106,"column":17}},"34":{"start":{"line":108,"column":6},"end":{"line":108,"column":53}},"35":{"start":{"line":109,"column":6},"end":{"line":109,"column":17}},"36":{"start":{"line":110,"column":6},"end":{"line":110,"column":20}},"37":{"start":{"line":111,"column":6},"end":{"line":111,"column":69}},"38":{"start":{"line":112,"column":6},"end":{"line":112,"column":14}},"39":{"start":{"line":20,"column":13},"end":{"line":20,"column":39}}},"fnMap":{"0":{"name":"(anonymous_6)","decl":{"start":{"line":20,"column":39},"end":{"line":20,"column":null}},"loc":{"start":{"line":22,"column":4},"end":{"line":115,"column":1}}},"1":{"name":"(anonymous_7)","decl":{"start":{"line":23,"column":9},"end":{"line":23,"column":14}},"loc":{"start":{"line":26,"column":22},"end":{"line":114,"column":3}}},"2":{"name":"(anonymous_8)","decl":{"start":{"line":51,"column":12},"end":{"line":51,"column":13}},"loc":{"start":{"line":51,"column":24},"end":{"line":51,"column":78}}},"3":{"name":"(anonymous_9)","decl":{"start":{"line":61,"column":58},"end":{"line":61,"column":59}},"loc":{"start":{"line":61,"column":70},"end":{"line":65,"column":12}}},"4":{"name":"(anonymous_10)","decl":{"start":{"line":73,"column":55},"end":{"line":73,"column":56}},"loc":{"start":{"line":73,"column":67},"end":{"line":76,"column":12}}},"5":{"name":"(anonymous_11)","decl":{"start":{"line":93,"column":8},"end":{"line":93,"column":11}},"loc":{"start":{"line":93,"column":14},"end":{"line":93,"column":47}}}},"branchMap":{"0":{"loc":{"start":{"line":41,"column":4},"end":{"line":44,"column":null}},"type":"if","locations":[{"start":{"line":41,"column":4},"end":{"line":44,"column":null}}]},"1":{"loc":{"start":{"line":41,"column":8},"end":{"line":41,"column":41}},"type":"cond-expr","locations":[{"start":{"line":41,"column":31},"end":{"line":41,"column":33}},{"start":{"line":41,"column":31},"end":{"line":41,"column":41}}]},"2":{"loc":{"start":{"line":41,"column":8},"end":{"line":41,"column":33}},"type":"binary-expr","locations":[{"start":{"line":41,"column":8},"end":{"line":41,"column":33}},{"start":{"line":41,"column":31},"end":{"line":41,"column":33}}]},"3":{"loc":{"start":{"line":46,"column":4},"end":{"line":55,"column":null}},"type":"if","locations":[{"start":{"line":46,"column":4},"end":{"line":55,"column":null}}]},"4":{"loc":{"start":{"line":51,"column":52},"end":{"line":51,"column":77}},"type":"cond-expr","locations":[{"start":{"line":51,"column":69},"end":{"line":51,"column":73}},{"start":{"line":51,"column":76},"end":{"line":51,"column":77}}]},"5":{"loc":{"start":{"line":51,"column":52},"end":{"line":51,"column":61}},"type":"cond-expr","locations":[{"start":{"line":51,"column":53},"end":{"line":51,"column":55}},{"start":{"line":51,"column":52},"end":{"line":51,"column":61}}]},"6":{"loc":{"start":{"line":51,"column":52},"end":{"line":51,"column":55}},"type":"binary-expr","locations":[{"start":{"line":51,"column":52},"end":{"line":51,"column":55}},{"start":{"line":51,"column":52},"end":{"line":51,"column":55}}]},"7":{"loc":{"start":{"line":57,"column":4},"end":{"line":68,"column":null}},"type":"if","locations":[{"start":{"line":57,"column":4},"end":{"line":68,"column":null}}]},"8":{"loc":{"start":{"line":64,"column":12},"end":{"line":64,"column":37}},"type":"cond-expr","locations":[{"start":{"line":64,"column":29},"end":{"line":64,"column":33}},{"start":{"line":64,"column":36},"end":{"line":64,"column":37}}]},"9":{"loc":{"start":{"line":64,"column":12},"end":{"line":64,"column":21}},"type":"cond-expr","locations":[{"start":{"line":64,"column":13},"end":{"line":64,"column":15}},{"start":{"line":64,"column":12},"end":{"line":64,"column":21}}]},"10":{"loc":{"start":{"line":64,"column":12},"end":{"line":64,"column":15}},"type":"binary-expr","locations":[{"start":{"line":64,"column":12},"end":{"line":64,"column":15}},{"start":{"line":64,"column":12},"end":{"line":64,"column":15}}]},"11":{"loc":{"start":{"line":69,"column":4},"end":{"line":79,"column":null}},"type":"if","locations":[{"start":{"line":69,"column":4},"end":{"line":79,"column":null}}]},"12":{"loc":{"start":{"line":96,"column":6},"end":{"line":101,"column":null}},"type":"if","locations":[{"start":{"line":96,"column":6},"end":{"line":101,"column":null}}]}},"s":{"0":3,"1":3,"2":3,"3":3,"4":3,"5":3,"6":3,"7":10,"8":10,"9":10,"10":10,"11":10,"12":10,"13":10,"14":10,"15":10,"16":20,"17":10,"18":10,"19":10,"20":10,"21":10,"22":10,"23":10,"24":10,"25":10,"26":10,"27":9,"28":0,"29":0,"30":9,"31":9,"32":9,"33":9,"34":1,"35":1,"36":1,"37":1,"38":1,"39":3},"f":{"0":10,"1":10,"2":20,"3":10,"4":10,"5":10},"b":{"0":[10],"1":[0,10],"2":[10,10],"3":[10],"4":[10,10],"5":[0,20],"6":[20,20],"7":[10],"8":[10,0],"9":[0,10],"10":[10,10],"11":[10],"12":[0]}}
,"/home/norman/Lendis/code/lambda-wrappers/src/lambda/EventBridge/event.ts": {"path":"/home/norman/Lendis/code/lambda-wrappers/src/lambda/EventBridge/event.ts","statementMap":{"0":{"start":{"line":4,"column":0},"end":{"line":4,"column":38}},"1":{"start":{"line":5,"column":0},"end":{"line":5,"column":48}},"2":{"start":{"line":7,"column":0},"end":{"line":7,"column":61}},"3":{"start":{"line":8,"column":0},"end":{"line":8,"column":56}},"4":{"start":{"line":10,"column":40},"end":{"line":66,"column":1}},"5":{"start":{"line":32,"column":25},"end":{"line":34,"column":null}},"6":{"start":{"line":37,"column":56},"end":{"line":63,"column":3}},"7":{"start":{"line":42,"column":4},"end":{"line":44,"column":6}},"8":{"start":{"line":45,"column":4},"end":{"line":45,"column":28}},"9":{"start":{"line":47,"column":19},"end":{"line":47,"column":52}},"10":{"start":{"line":49,"column":4},"end":{"line":60,"column":null}},"11":{"start":{"line":50,"column":6},"end":{"line":59,"column":null}},"12":{"start":{"line":51,"column":8},"end":{"line":51,"column":70}},"13":{"start":{"line":53,"column":8},"end":{"line":55,"column":10}},"14":{"start":{"line":56,"column":8},"end":{"line":56,"column":21}},"15":{"start":{"line":57,"column":8},"end":{"line":57,"column":27}},"16":{"start":{"line":58,"column":8},"end":{"line":58,"column":16}},"17":{"start":{"line":62,"column":4},"end":{"line":62,"column":53}},"18":{"start":{"line":65,"column":2},"end":{"line":65,"column":17}},"19":{"start":{"line":10,"column":13},"end":{"line":10,"column":40}}},"fnMap":{"0":{"name":"(anonymous_0)","decl":{"start":{"line":10,"column":40},"end":{"line":10,"column":null}},"loc":{"start":{"line":30,"column":4},"end":{"line":66,"column":1}}},"1":{"name":"(anonymous_1)","decl":{"start":{"line":37,"column":56},"end":{"line":37,"column":61}},"loc":{"start":{"line":41,"column":6},"end":{"line":63,"column":3}}}},"branchMap":{"0":{"loc":{"start":{"line":49,"column":4},"end":{"line":60,"column":null}},"type":"if","locations":[{"start":{"line":49,"column":4},"end":{"line":60,"column":null}}]}},"s":{"0":1,"1":1,"2":1,"3":1,"4":1,"5":2,"6":2,"7":4,"8":4,"9":4,"10":4,"11":2,"12":2,"13":1,"14":1,"15":1,"16":1,"17":3,"18":2,"19":1},"f":{"0":2,"1":4},"b":{"0":[2]}}
,"/home/norman/Lendis/code/lambda-wrappers/src/lambda/EventBridge/telemetry/ParentContext.ts": {"path":"/home/norman/Lendis/code/lambda-wrappers/src/lambda/EventBridge/telemetry/ParentContext.ts","statementMap":{"0":{"start":{"line":1,"column":0},"end":{"line":1,"column":null}},"1":{"start":{"line":6,"column":0},"end":{"line":6,"column":null}},"2":{"start":{"line":11,"column":46},"end":{"line":29,"column":1}},"3":{"start":{"line":14,"column":25},"end":{"line":14,"column":37}},"4":{"start":{"line":16,"column":2},"end":{"line":22,"column":null}},"5":{"start":{"line":17,"column":4},"end":{"line":21,"column":6}},"6":{"start":{"line":23,"column":2},"end":{"line":26,"column":null}},"7":{"start":{"line":25,"column":4},"end":{"line":25,"column":36}},"8":{"start":{"line":28,"column":2},"end":{"line":28,"column":13}},"9":{"start":{"line":11,"column":13},"end":{"line":11,"column":46}}},"fnMap":{"0":{"name":"(anonymous_6)","decl":{"start":{"line":11,"column":46},"end":{"line":11,"column":null}},"loc":{"start":{"line":13,"column":4},"end":{"line":29,"column":1}}}},"branchMap":{"0":{"loc":{"start":{"line":16,"column":2},"end":{"line":22,"column":null}},"type":"if","locations":[{"start":{"line":16,"column":2},"end":{"line":22,"column":null}}]},"1":{"loc":{"start":{"line":23,"column":2},"end":{"line":26,"column":null}},"type":"if","locations":[{"start":{"line":23,"column":2},"end":{"line":26,"column":null}}]}},"s":{"0":2,"1":2,"2":2,"3":4,"4":4,"5":4,"6":4,"7":1,"8":4,"9":2},"f":{"0":4},"b":{"0":[4],"1":[1]}}
,"/home/norman/Lendis/code/lambda-wrappers/src/lambda/EventBridge/telemetry/Wrapper.ts": {"path":"/home/norman/Lendis/code/lambda-wrappers/src/lambda/EventBridge/telemetry/Wrapper.ts","statementMap":{"0":{"start":{"line":1,"column":0},"end":{"line":1,"column":71}},"1":{"start":{"line":3,"column":0},"end":{"line":3,"column":47}},"2":{"start":{"line":4,"column":0},"end":{"line":4,"column":65}},"3":{"start":{"line":6,"column":40},"end":{"line":37,"column":1}},"4":{"start":{"line":9,"column":2},"end":{"line":36,"column":4}},"5":{"start":{"line":14,"column":22},"end":{"line":14,"column":59}},"6":{"start":{"line":15,"column":28},"end":{"line":24,"column":null}},"7":{"start":{"line":27,"column":16},"end":{"line":31,"column":null}},"8":{"start":{"line":30,"column":8},"end":{"line":30,"column":49}},"9":{"start":{"line":34,"column":4},"end":{"line":34,"column":26}},"10":{"start":{"line":35,"column":4},"end":{"line":35,"column":15}},"11":{"start":{"line":6,"column":13},"end":{"line":6,"column":40}}},"fnMap":{"0":{"name":"(anonymous_6)","decl":{"start":{"line":6,"column":40},"end":{"line":6,"column":null}},"loc":{"start":{"line":8,"column":4},"end":{"line":37,"column":1}}},"1":{"name":"(anonymous_7)","decl":{"start":{"line":9,"column":9},"end":{"line":9,"column":14}},"loc":{"start":{"line":12,"column":22},"end":{"line":36,"column":3}}},"2":{"name":"(anonymous_8)","decl":{"start":{"line":29,"column":6},"end":{"line":29,"column":9}},"loc":{"start":{"line":29,"column":11},"end":{"line":31,"column":7}}}},"branchMap":{},"s":{"0":1,"1":1,"2":1,"3":1,"4":1,"5":1,"6":1,"7":1,"8":1,"9":1,"10":1,"11":1},"f":{"0":1,"1":1,"2":1},"b":{}}
,"/home/norman/Lendis/code/lambda-wrappers/src/lambda/SQS/ControllerFactory.ts": {"path":"/home/norman/Lendis/code/lambda-wrappers/src/lambda/SQS/ControllerFactory.ts","statementMap":{"0":{"start":{"line":6,"column":0},"end":{"line":6,"column":73}},"1":{"start":{"line":7,"column":0},"end":{"line":7,"column":41}},"2":{"start":{"line":23,"column":24},"end":{"line":23,"column":40}},"3":{"start":{"line":25,"column":16},"end":{"line":25,"column":58}},"4":{"start":{"line":26,"column":4},"end":{"line":26,"column":30}},"5":{"start":{"line":27,"column":4},"end":{"line":27,"column":33}},"6":{"start":{"line":29,"column":4},"end":{"line":29,"column":15}},"7":{"start":{"line":38,"column":16},"end":{"line":38,"column":null}},"8":{"start":{"line":44,"column":4},"end":{"line":44,"column":38}},"9":{"start":{"line":45,"column":4},"end":{"line":45,"column":73}},"10":{"start":{"line":46,"column":4},"end":{"line":46,"column":41}},"11":{"start":{"line":47,"column":4},"end":{"line":47,"column":33}},"12":{"start":{"line":49,"column":4},"end":{"line":49,"column":15}},"13":{"start":{"line":53,"column":16},"end":{"line":53,"column":56}},"14":{"start":{"line":54,"column":4},"end":{"line":54,"column":41}},"15":{"start":{"line":55,"column":4},"end":{"line":55,"column":33}},"16":{"start":{"line":56,"column":4},"end":{"line":56,"column":27}},"17":{"start":{"line":57,"column":4},"end":{"line":57,"column":15}},"18":{"start":{"line":61,"column":16},"end":{"line":61,"column":58}},"19":{"start":{"line":62,"column":4},"end":{"line":62,"column":41}},"20":{"start":{"line":63,"column":4},"end":{"line":63,"column":33}},"21":{"start":{"line":64,"column":4},"end":{"line":64,"column":33}},"22":{"start":{"line":65,"column":4},"end":{"line":65,"column":15}},"23":{"start":{"line":84,"column":27},"end":{"line":107,"column":5}},"24":{"start":{"line":86,"column":8},"end":{"line":94,"column":10}},"25":{"start":{"line":92,"column":12},"end":{"line":92,"column":51}},"26":{"start":{"line":96,"column":22},"end":{"line":100,"column":null}},"27":{"start":{"line":98,"column":10},"end":{"line":98,"column":53}},"28":{"start":{"line":103,"column":6},"end":{"line":106,"column":8}},"29":{"start":{"line":109,"column":4},"end":{"line":109,"column":26}},"30":{"start":{"line":118,"column":4},"end":{"line":118,"column":78}},"31":{"start":{"line":11,"column":0},"end":{"line":11,"column":13}}},"fnMap":{"0":{"name":"(anonymous_0)","decl":{"start":{"line":22,"column":2},"end":{"line":22,"column":16}},"loc":{"start":{"line":22,"column":48},"end":{"line":30,"column":3}}},"1":{"name":"(anonymous_1)","decl":{"start":{"line":32,"column":2},"end":{"line":32,"column":13}},"loc":{"start":{"line":36,"column":28},"end":{"line":50,"column":3}}},"2":{"name":"(anonymous_2)","decl":{"start":{"line":52,"column":2},"end":{"line":52,"column":12}},"loc":{"start":{"line":52,"column":41},"end":{"line":58,"column":3}}},"3":{"name":"(anonymous_3)","decl":{"start":{"line":60,"column":2},"end":{"line":60,"column":16}},"loc":{"start":{"line":60,"column":16},"end":{"line":66,"column":3}}},"4":{"name":"(anonymous_4)","decl":{"start":{"line":68,"column":2},"end":{"line":68,"column":20}},"loc":{"start":{"line":68,"column":20},"end":{"line":110,"column":3}}},"5":{"name":"(anonymous_5)","decl":{"start":{"line":84,"column":27},"end":{"line":84,"column":28}},"loc":{"start":{"line":84,"column":76},"end":{"line":107,"column":5}}},"6":{"name":"(anonymous_6)","decl":{"start":{"line":91,"column":24},"end":{"line":91,"column":29}},"loc":{"start":{"line":91,"column":42},"end":{"line":93,"column":11}}},"7":{"name":"(anonymous_7)","decl":{"start":{"line":97,"column":8},"end":{"line":97,"column":9}},"loc":{"start":{"line":97,"column":36},"end":{"line":99,"column":9}}},"8":{"name":"(anonymous_8)","decl":{"start":{"line":112,"column":2},"end":{"line":112,"column":6}},"loc":{"start":{"line":112,"column":6},"end":{"line":119,"column":3}}}},"branchMap":{"0":{"loc":{"start":{"line":36,"column":4},"end":{"line":36,"column":28}},"type":"default-arg","locations":[{"start":{"line":36,"column":24},"end":{"line":36,"column":28}}]},"1":{"loc":{"start":{"line":44,"column":19},"end":{"line":44,"column":37}},"type":"binary-expr","locations":[{"start":{"line":44,"column":19},"end":{"line":44,"column":31}},{"start":{"line":44,"column":35},"end":{"line":44,"column":37}}]}},"s":{"0":2,"1":2,"2":2,"3":2,"4":2,"5":2,"6":2,"7":1,"8":1,"9":1,"10":1,"11":1,"12":1,"13":4,"14":4,"15":4,"16":4,"17":4,"18":1,"19":1,"20":1,"21":1,"22":1,"23":2,"24":2,"25":6,"26":2,"27":6,"28":2,"29":2,"30":8,"31":2},"f":{"0":2,"1":1,"2":4,"3":1,"4":2,"5":2,"6":6,"7":6,"8":8},"b":{"0":[0],"1":[1,1]}}
,"/home/norman/Lendis/code/lambda-wrappers/src/lambda/SQS/sqs.ts": {"path":"/home/norman/Lendis/code/lambda-wrappers/src/lambda/SQS/sqs.ts","statementMap":{"0":{"start":{"line":12,"column":0},"end":{"line":12,"column":38}},"1":{"start":{"line":13,"column":0},"end":{"line":13,"column":48}},"2":{"start":{"line":17,"column":0},"end":{"line":17,"column":68}},"3":{"start":{"line":18,"column":0},"end":{"line":18,"column":55}},"4":{"start":{"line":19,"column":0},"end":{"line":19,"column":43}},"5":{"start":{"line":20,"column":0},"end":{"line":20,"column":59}},"6":{"start":{"line":22,"column":32},"end":{"line":84,"column":1}},"7":{"start":{"line":37,"column":25},"end":{"line":39,"column":null}},"8":{"start":{"line":42,"column":18},"end":{"line":57,"column":3}},"9":{"start":{"line":43,"column":4},"end":{"line":43,"column":22}},"10":{"start":{"line":44,"column":20},"end":{"line":44,"column":47}},"11":{"start":{"line":46,"column":4},"end":{"line":50,"column":null}},"12":{"start":{"line":47,"column":6},"end":{"line":47,"column":66}},"13":{"start":{"line":49,"column":6},"end":{"line":49,"column":36}},"14":{"start":{"line":52,"column":4},"end":{"line":56,"column":null}},"15":{"start":{"line":53,"column":6},"end":{"line":53,"column":62}},"16":{"start":{"line":55,"column":6},"end":{"line":55,"column":36}},"17":{"start":{"line":59,"column":2},"end":{"line":61,"column":null}},"18":{"start":{"line":60,"column":4},"end":{"line":60,"column":44}},"19":{"start":{"line":63,"column":2},"end":{"line":83,"column":4}},"20":{"start":{"line":64,"column":4},"end":{"line":64,"column":74}},"21":{"start":{"line":66,"column":40},"end":{"line":68,"column":6}},"22":{"start":{"line":70,"column":17},"end":{"line":73,"column":null}},"23":{"start":{"line":71,"column":36},"end":{"line":71,"column":62}},"24":{"start":{"line":73,"column":6},"end":{"line":73,"column":54}},"25":{"start":{"line":73,"column":38},"end":{"line":73,"column":53}},"26":{"start":{"line":76,"column":4},"end":{"line":78,"column":null}},"27":{"start":{"line":77,"column":6},"end":{"line":77,"column":20}},"28":{"start":{"line":80,"column":4},"end":{"line":82,"column":6}},"29":{"start":{"line":22,"column":13},"end":{"line":22,"column":32}}},"fnMap":{"0":{"name":"(anonymous_0)","decl":{"start":{"line":22,"column":32},"end":{"line":22,"column":null}},"loc":{"start":{"line":35,"column":16},"end":{"line":84,"column":1}}},"1":{"name":"(anonymous_1)","decl":{"start":{"line":42,"column":18},"end":{"line":42,"column":23}},"loc":{"start":{"line":42,"column":64},"end":{"line":57,"column":3}}},"2":{"name":"(anonymous_2)","decl":{"start":{"line":53,"column":52},"end":{"line":53,"column":55}},"loc":{"start":{"line":53,"column":57},"end":{"line":53,"column":60}}},"3":{"name":"(anonymous_3)","decl":{"start":{"line":63,"column":9},"end":{"line":63,"column":14}},"loc":{"start":{"line":63,"column":73},"end":{"line":83,"column":3}}},"4":{"name":"(anonymous_4)","decl":{"start":{"line":71,"column":24},"end":{"line":71,"column":25}},"loc":{"start":{"line":71,"column":36},"end":{"line":71,"column":62}}},"5":{"name":"(anonymous_5)","decl":{"start":{"line":72,"column":11},"end":{"line":72,"column":12}},"loc":{"start":{"line":73,"column":6},"end":{"line":73,"column":54}}},"6":{"name":"(anonymous_6)","decl":{"start":{"line":73,"column":31},"end":{"line":73,"column":32}},"loc":{"start":{"line":73,"column":38},"end":{"line":73,"column":53}}}},"branchMap":{"0":{"loc":{"start":{"line":59,"column":2},"end":{"line":61,"column":null}},"type":"if","locations":[{"start":{"line":59,"column":2},"end":{"line":61,"column":null}}]},"1":{"loc":{"start":{"line":76,"column":4},"end":{"line":78,"column":null}},"type":"if","locations":[{"start":{"line":76,"column":4},"end":{"line":78,"column":null}}]}},"s":{"0":3,"1":3,"2":3,"3":3,"4":3,"5":3,"6":3,"7":9,"8":9,"9":14,"10":14,"11":14,"12":14,"13":2,"14":12,"15":12,"16":5,"17":9,"18":5,"19":9,"20":9,"21":9,"22":9,"23":14,"24":9,"25":14,"26":9,"27":5,"28":9,"29":3},"f":{"0":9,"1":14,"2":0,"3":9,"4":14,"5":9,"6":14},"b":{"0":[5],"1":[5]}}
,"/home/norman/Lendis/code/lambda-wrappers/src/lambda/SQS/Telemetry/ParentContext.ts": {"path":"/home/norman/Lendis/code/lambda-wrappers/src/lambda/SQS/Telemetry/ParentContext.ts","statementMap":{"0":{"start":{"line":1,"column":0},"end":{"line":1,"column":null}},"1":{"start":{"line":8,"column":66},"end":{"line":16,"column":2}},"2":{"start":{"line":10,"column":4},"end":{"line":10,"column":32}},"3":{"start":{"line":14,"column":4},"end":{"line":14,"column":37}},"4":{"start":{"line":18,"column":38},"end":{"line":28,"column":1}},"5":{"start":{"line":19,"column":25},"end":{"line":19,"column":37}},"6":{"start":{"line":21,"column":2},"end":{"line":25,"column":4}},"7":{"start":{"line":27,"column":2},"end":{"line":27,"column":13}},"8":{"start":{"line":18,"column":13},"end":{"line":18,"column":38}}},"fnMap":{"0":{"name":"(anonymous_6)","decl":{"start":{"line":9,"column":8},"end":{"line":9,"column":9}},"loc":{"start":{"line":9,"column":42},"end":{"line":11,"column":3}}},"1":{"name":"(anonymous_7)","decl":{"start":{"line":13,"column":7},"end":{"line":13,"column":8}},"loc":{"start":{"line":13,"column":54},"end":{"line":15,"column":3}}},"2":{"name":"(anonymous_8)","decl":{"start":{"line":18,"column":38},"end":{"line":18,"column":39}},"loc":{"start":{"line":18,"column":59},"end":{"line":28,"column":1}}}},"branchMap":{"0":{"loc":{"start":{"line":14,"column":11},"end":{"line":14,"column":36}},"type":"cond-expr","locations":[{"start":{"line":14,"column":23},"end":{"line":14,"column":25}},{"start":{"line":14,"column":23},"end":{"line":14,"column":36}}]},"1":{"loc":{"start":{"line":14,"column":11},"end":{"line":14,"column":25}},"type":"binary-expr","locations":[{"start":{"line":14,"column":11},"end":{"line":14,"column":25}},{"start":{"line":14,"column":23},"end":{"line":14,"column":25}}]}},"s":{"0":3,"1":3,"2":0,"3":10,"4":3,"5":10,"6":10,"7":10,"8":3},"f":{"0":0,"1":10,"2":10},"b":{"0":[10,0],"1":[10,10]}}
,"/home/norman/Lendis/code/lambda-wrappers/src/lambda/SQS/Telemetry/Wrapper.ts": {"path":"/home/norman/Lendis/code/lambda-wrappers/src/lambda/SQS/Telemetry/Wrapper.ts","statementMap":{"0":{"start":{"line":2,"column":0},"end":{"line":2,"column":74}},"1":{"start":{"line":3,"column":0},"end":{"line":3,"column":46}},"2":{"start":{"line":4,"column":0},"end":{"line":4,"column":null}},"3":{"start":{"line":10,"column":0},"end":{"line":10,"column":47}},"4":{"start":{"line":11,"column":0},"end":{"line":11,"column":41}},"5":{"start":{"line":12,"column":0},"end":{"line":12,"column":57}},"6":{"start":{"line":13,"column":0},"end":{"line":13,"column":58}},"7":{"start":{"line":15,"column":32},"end":{"line":67,"column":1}},"8":{"start":{"line":21,"column":2},"end":{"line":66,"column":4}},"9":{"start":{"line":22,"column":26},"end":{"line":22,"column":55}},"10":{"start":{"line":23,"column":22},"end":{"line":23,"column":27}},"11":{"start":{"line":25,"column":33},"end":{"line":34,"column":6}},"12":{"start":{"line":36,"column":4},"end":{"line":36,"column":22}},"13":{"start":{"line":38,"column":17},"end":{"line":44,"column":null}},"14":{"start":{"line":49,"column":16},"end":{"line":51,"column":null}},"15":{"start":{"line":51,"column":12},"end":{"line":51,"column":35}},"16":{"start":{"line":54,"column":4},"end":{"line":57,"column":null}},"17":{"start":{"line":55,"column":6},"end":{"line":55,"column":60}},"18":{"start":{"line":56,"column":6},"end":{"line":56,"column":53}},"19":{"start":{"line":59,"column":4},"end":{"line":59,"column":15}},"20":{"start":{"line":60,"column":4},"end":{"line":60,"column":15}},"21":{"start":{"line":15,"column":13},"end":{"line":15,"column":32}}},"fnMap":{"0":{"name":"(anonymous_6)","decl":{"start":{"line":15,"column":32},"end":{"line":15,"column":null}},"loc":{"start":{"line":20,"column":4},"end":{"line":67,"column":1}}},"1":{"name":"(anonymous_7)","decl":{"start":{"line":21,"column":9},"end":{"line":21,"column":14}},"loc":{"start":{"line":21,"column":59},"end":{"line":66,"column":3}}},"2":{"name":"(anonymous_8)","decl":{"start":{"line":51,"column":6},"end":{"line":51,"column":9}},"loc":{"start":{"line":51,"column":12},"end":{"line":51,"column":35}}}},"branchMap":{"0":{"loc":{"start":{"line":54,"column":4},"end":{"line":57,"column":null}},"type":"if","locations":[{"start":{"line":54,"column":4},"end":{"line":57,"column":null}}]}},"s":{"0":3,"1":3,"2":3,"3":3,"4":3,"5":3,"6":3,"7":3,"8":5,"9":10,"10":10,"11":10,"12":10,"13":10,"14":10,"15":10,"16":10,"17":6,"18":6,"19":10,"20":10,"21":3},"f":{"0":5,"1":10,"2":10},"b":{"0":[6]}}
,"/home/norman/Lendis/code/lambda-wrappers/src/lambda/utils/logger.ts": {"path":"/home/norman/Lendis/code/lambda-wrappers/src/lambda/utils/logger.ts","statementMap":{"0":{"start":{"line":1,"column":0},"end":{"line":1,"column":30}},"1":{"start":{"line":3,"column":12},"end":{"line":6,"column":2}},"2":{"start":{"line":8,"column":9},"end":{"line":8,"column":12}}},"fnMap":{},"branchMap":{"0":{"loc":{"start":{"line":4,"column":9},"end":{"line":4,"column":40}},"type":"cond-expr","locations":[{"start":{"line":4,"column":30},"end":{"line":4,"column":34}},{"start":{"line":4,"column":34},"end":{"line":4,"column":40}}]},"1":{"loc":{"start":{"line":4,"column":9},"end":{"line":4,"column":34}},"type":"binary-expr","locations":[{"start":{"line":4,"column":9},"end":{"line":4,"column":34}},{"start":{"line":4,"column":30},"end":{"line":4,"column":34}}]}},"s":{"0":17,"1":17,"2":17},"f":{},"b":{"0":[0,17],"1":[17,17]}}
,"/home/norman/Lendis/code/lambda-wrappers/src/lambda/utils/secrets_manager.ts": {"path":"/home/norman/Lendis/code/lambda-wrappers/src/lambda/utils/secrets_manager.ts","statementMap":{"0":{"start":{"line":3,"column":0},"end":{"line":3,"column":32}},"1":{"start":{"line":10,"column":0},"end":{"line":10,"column":31}},"2":{"start":{"line":11,"column":0},"end":{"line":11,"column":55}},"3":{"start":{"line":13,"column":69},"end":{"line":13,"column":78}},"4":{"start":{"line":26,"column":31},"end":{"line":35,"column":1}},"5":{"start":{"line":31,"column":2},"end":{"line":34,"column":4}},"6":{"start":{"line":26,"column":13},"end":{"line":26,"column":31}},"7":{"start":{"line":37,"column":35},"end":{"line":39,"column":1}},"8":{"start":{"line":38,"column":2},"end":{"line":38,"column":44}},"9":{"start":{"line":37,"column":13},"end":{"line":37,"column":35}},"10":{"start":{"line":41,"column":26},"end":{"line":45,"column":1}},"11":{"start":{"line":42,"column":2},"end":{"line":44,"column":null}},"12":{"start":{"line":43,"column":4},"end":{"line":43,"column":26}},"13":{"start":{"line":41,"column":13},"end":{"line":41,"column":26}},"14":{"start":{"line":47,"column":41},"end":{"line":137,"column":1}},"15":{"start":{"line":51,"column":47},"end":{"line":134,"column":3}},"16":{"start":{"line":52,"column":4},"end":{"line":52,"column":63}},"17":{"start":{"line":53,"column":58},"end":{"line":53,"column":60}},"18":{"start":{"line":55,"column":4},"end":{"line":130,"column":null}},"19":{"start":{"line":56,"column":42},"end":{"line":56,"column":51}},"20":{"start":{"line":58,"column":6},"end":{"line":76,"column":null}},"21":{"start":{"line":59,"column":26},"end":{"line":59,"column":44}},"22":{"start":{"line":61,"column":10},"end":{"line":61,"column":76}},"23":{"start":{"line":63,"column":8},"end":{"line":75,"column":null}},"24":{"start":{"line":65,"column":10},"end":{"line":67,"column":12}},"25":{"start":{"line":68,"column":10},"end":{"line":68,"column":40}},"26":{"start":{"line":70,"column":10},"end":{"line":70,"column":52}},"27":{"start":{"line":71,"column":10},"end":{"line":74,"column":12}},"28":{"start":{"line":77,"column":62},"end":{"line":77,"column":71}},"29":{"start":{"line":78,"column":6},"end":{"line":82,"column":null}},"30":{"start":{"line":79,"column":8},"end":{"line":79,"column":63}},"31":{"start":{"line":80,"column":26},"end":{"line":80,"column":61}},"32":{"start":{"line":81,"column":8},"end":{"line":81,"column":56}},"33":{"start":{"line":84,"column":6},"end":{"line":129,"column":null}},"34":{"start":{"line":85,"column":8},"end":{"line":128,"column":null}},"35":{"start":{"line":86,"column":33},"end":{"line":86,"column":65}},"36":{"start":{"line":89,"column":10},"end":{"line":107,"column":null}},"37":{"start":{"line":90,"column":12},"end":{"line":95,"column":14}},"38":{"start":{"line":97,"column":12},"end":{"line":97,"column":35}},"39":{"start":{"line":99,"column":12},"end":{"line":104,"column":14}},"40":{"start":{"line":106,"column":12},"end":{"line":106,"column":46}},"41":{"start":{"line":109,"column":10},"end":{"line":113,"column":null}},"42":{"start":{"line":110,"column":12},"end":{"line":112,"column":14}},"43":{"start":{"line":115,"column":10},"end":{"line":117,"column":12}},"44":{"start":{"line":119,"column":10},"end":{"line":121,"column":null}},"45":{"start":{"line":120,"column":12},"end":{"line":120,"column":35}},"46":{"start":{"line":123,"column":10},"end":{"line":126,"column":13}},"47":{"start":{"line":127,"column":10},"end":{"line":127,"column":52}},"48":{"start":{"line":133,"column":4},"end":{"line":133,"column":75}},"49":{"start":{"line":136,"column":2},"end":{"line":136,"column":24}},"50":{"start":{"line":47,"column":13},"end":{"line":47,"column":41}}},"fnMap":{"0":{"name":"(anonymous_0)","decl":{"start":{"line":26,"column":31},"end":{"line":26,"column":null}},"loc":{"start":{"line":30,"column":18},"end":{"line":35,"column":1}}},"1":{"name":"(anonymous_1)","decl":{"start":{"line":37,"column":35},"end":{"line":37,"column":36}},"loc":{"start":{"line":37,"column":66},"end":{"line":39,"column":1}}},"2":{"name":"(anonymous_2)","decl":{"start":{"line":41,"column":26},"end":{"line":41,"column":29}},"loc":{"start":{"line":41,"column":31},"end":{"line":45,"column":1}}},"3":{"name":"(anonymous_3)","decl":{"start":{"line":47,"column":41},"end":{"line":47,"column":null}},"loc":{"start":{"line":50,"column":4},"end":{"line":137,"column":1}}},"4":{"name":"(anonymous_4)","decl":{"start":{"line":51,"column":47},"end":{"line":51,"column":52}},"loc":{"start":{"line":51,"column":72},"end":{"line":134,"column":3}}}},"branchMap":{"0":{"loc":{"start":{"line":29,"column":2},"end":{"line":29,"column":26}},"type":"default-arg","locations":[{"start":{"line":29,"column":22},"end":{"line":29,"column":26}}]},"1":{"loc":{"start":{"line":55,"column":4},"end":{"line":130,"column":null}},"type":"if","locations":[{"start":{"line":55,"column":4},"end":{"line":130,"column":null}}]},"2":{"loc":{"start":{"line":61,"column":10},"end":{"line":61,"column":76}},"type":"binary-expr","locations":[{"start":{"line":61,"column":10},"end":{"line":61,"column":20}},{"start":{"line":61,"column":24},"end":{"line":61,"column":76}}]},"3":{"loc":{"start":{"line":63,"column":8},"end":{"line":75,"column":null}},"type":"if","locations":[{"start":{"line":63,"column":8},"end":{"line":75,"column":null}},{"start":{"line":69,"column":15},"end":{"line":75,"column":null}}]},"4":{"loc":{"start":{"line":63,"column":12},"end":{"line":63,"column":35}},"type":"binary-expr","locations":[{"start":{"line":63,"column":12},"end":{"line":63,"column":22}},{"start":{"line":63,"column":26},"end":{"line":63,"column":35}}]},"5":{"loc":{"start":{"line":85,"column":8},"end":{"line":128,"column":null}},"type":"if","locations":[{"start":{"line":85,"column":8},"end":{"line":128,"column":null}}]},"6":{"loc":{"start":{"line":89,"column":10},"end":{"line":107,"column":null}},"type":"if","locations":[{"start":{"line":89,"column":10},"end":{"line":107,"column":null}},{"start":{"line":98,"column":17},"end":{"line":107,"column":null}}]},"7":{"loc":{"start":{"line":109,"column":10},"end":{"line":113,"column":null}},"type":"if","locations":[{"start":{"line":109,"column":10},"end":{"line":113,"column":null}}]},"8":{"loc":{"start":{"line":109,"column":14},"end":{"line":109,"column":45}},"type":"binary-expr","locations":[{"start":{"line":109,"column":14},"end":{"line":109,"column":22}},{"start":{"line":109,"column":26},"end":{"line":109,"column":45}}]},"9":{"loc":{"start":{"line":119,"column":10},"end":{"line":121,"column":null}},"type":"if","locations":[{"start":{"line":119,"column":10},"end":{"line":121,"column":null}}]}},"s":{"0":8,"1":8,"2":8,"3":8,"4":8,"5":17,"6":8,"7":8,"8":1,"9":8,"10":8,"11":12,"12":11,"13":8,"14":8,"15":38,"16":46,"17":46,"18":46,"19":46,"20":46,"21":16,"22":16,"23":16,"24":15,"25":15,"26":1,"27":1,"28":46,"29":46,"30":14,"31":14,"32":14,"33":46,"34":16,"35":15,"36":15,"37":2,"38":1,"39":13,"40":13,"41":14,"42":1,"43":13,"44":13,"45":12,"46":13,"47":13,"48":44,"49":38,"50":8},"f":{"0":17,"1":1,"2":12,"3":38,"4":46},"b":{"0":[1],"1":[46],"2":[16,2],"3":[15,1],"4":[16,2],"5":[15],"6":[2,13],"7":[1],"8":[14,11],"9":[12]}}
,"/home/norman/Lendis/code/lambda-wrappers/src/lambda/utils/secrets_manager_aws.ts": {"path":"/home/norman/Lendis/code/lambda-wrappers/src/lambda/utils/secrets_manager_aws.ts","statementMap":{"0":{"start":{"line":1,"column":0},"end":{"line":1,"column":65}},"1":{"start":{"line":3,"column":16},"end":{"line":3,"column":38}},"2":{"start":{"line":5,"column":30},"end":{"line":22,"column":1}},"3":{"start":{"line":6,"column":22},"end":{"line":8,"column":4}},"4":{"start":{"line":10,"column":19},"end":{"line":10,"column":43}},"5":{"start":{"line":12,"column":2},"end":{"line":14,"column":null}},"6":{"start":{"line":13,"column":4},"end":{"line":13,"column":68}},"7":{"start":{"line":16,"column":2},"end":{"line":21,"column":null}},"8":{"start":{"line":17,"column":19},"end":{"line":17,"column":39}},"9":{"start":{"line":18,"column":4},"end":{"line":18,"column":18}},"10":{"start":{"line":20,"column":4},"end":{"line":20,"column":20}},"11":{"start":{"line":5,"column":13},"end":{"line":5,"column":30}}},"fnMap":{"0":{"name":"(anonymous_0)","decl":{"start":{"line":5,"column":30},"end":{"line":5,"column":35}},"loc":{"start":{"line":5,"column":59},"end":{"line":22,"column":1}}}},"branchMap":{"0":{"loc":{"start":{"line":12,"column":2},"end":{"line":14,"column":null}},"type":"if","locations":[{"start":{"line":12,"column":2},"end":{"line":14,"column":null}}]}},"s":{"0":6,"1":6,"2":6,"3":0,"4":0,"5":0,"6":0,"7":0,"8":0,"9":0,"10":0,"11":6},"f":{"0":0},"b":{"0":[0]}}
,"/home/norman/Lendis/code/lambda-wrappers/src/lambda/utils/sentry.ts": {"path":"/home/norman/Lendis/code/lambda-wrappers/src/lambda/utils/sentry.ts","statementMap":{"0":{"start":{"line":1,"column":0},"end":{"line":1,"column":47}},"1":{"start":{"line":4,"column":0},"end":{"line":9,"column":3}},"2":{"start":{"line":14,"column":2},"end":{"line":14,"column":76}},"3":{"start":{"line":11,"column":0},"end":{"line":11,"column":16}},"4":{"start":{"line":17,"column":13},"end":{"line":17,"column":32}}},"fnMap":{"0":{"name":"wrapSentry","decl":{"start":{"line":11,"column":16},"end":{"line":11,"column":26}},"loc":{"start":{"line":12,"column":35},"end":{"line":15,"column":1}}}},"branchMap":{"0":{"loc":{"start":{"line":8,"column":15},"end":{"line":8,"column":56}},"type":"binary-expr","locations":[{"start":{"line":8,"column":15},"end":{"line":8,"column":32}},{"start":{"line":8,"column":36},"end":{"line":8,"column":56}}]}},"s":{"0":8,"1":8,"2":4,"3":8,"4":8},"f":{"0":4},"b":{"0":[8,8]}}
,"/home/norman/Lendis/code/lambda-wrappers/src/lambda/utils/telemetry.ts": {"path":"/home/norman/Lendis/code/lambda-wrappers/src/lambda/utils/telemetry.ts","statementMap":{"0":{"start":{"line":1,"column":0},"end":{"line":1,"column":null}},"1":{"start":{"line":8,"column":0},"end":{"line":8,"column":37}},"2":{"start":{"line":10,"column":0},"end":{"line":10,"column":null}},"3":{"start":{"line":14,"column":0},"end":{"line":14,"column":54}},"4":{"start":{"line":15,"column":0},"end":{"line":15,"column":77}},"5":{"start":{"line":16,"column":0},"end":{"line":16,"column":31}},"6":{"start":{"line":19,"column":13},"end":{"line":19,"column":76}},"7":{"start":{"line":21,"column":13},"end":{"line":21,"column":61}},"8":{"start":{"line":23,"column":39},"end":{"line":33,"column":1}},"9":{"start":{"line":24,"column":2},"end":{"line":26,"column":4}},"10":{"start":{"line":28,"column":2},"end":{"line":32,"column":4}},"11":{"start":{"line":23,"column":13},"end":{"line":23,"column":39}},"12":{"start":{"line":43,"column":35},"end":{"line":48,"column":1}},"13":{"start":{"line":44,"column":35},"end":{"line":44,"column":64}},"14":{"start":{"line":47,"column":2},"end":{"line":47,"column":34}},"15":{"start":{"line":43,"column":13},"end":{"line":43,"column":35}},"16":{"start":{"line":50,"column":29},"end":{"line":90,"column":1}},"17":{"start":{"line":51,"column":2},"end":{"line":89,"column":4}},"18":{"start":{"line":52,"column":4},"end":{"line":52,"column":63}},"19":{"start":{"line":53,"column":23},"end":{"line":65,"column":null}},"20":{"start":{"line":68,"column":4},"end":{"line":88,"column":null}},"21":{"start":{"line":69,"column":18},"end":{"line":73,"column":null}},"22":{"start":{"line":72,"column":10},"end":{"line":72,"column":51}},"23":{"start":{"line":75,"column":6},"end":{"line":75,"column":23}},"24":{"start":{"line":76,"column":6},"end":{"line":76,"column":17}},"25":{"start":{"line":78,"column":6},"end":{"line":78,"column":76}},"26":{"start":{"line":79,"column":6},"end":{"line":79,"column":36}},"27":{"start":{"line":81,"column":6},"end":{"line":84,"column":9}},"28":{"start":{"line":85,"column":6},"end":{"line":85,"column":23}},"29":{"start":{"line":87,"column":6},"end":{"line":87,"column":14}},"30":{"start":{"line":92,"column":13},"end":{"line":100,"column":2}},"31":{"start":{"line":94,"column":4},"end":{"line":94,"column":32}},"32":{"start":{"line":98,"column":4},"end":{"line":98,"column":24}},"33":{"start":{"line":102,"column":21},"end":{"line":120,"column":1}},"34":{"start":{"line":103,"column":17},"end":{"line":103,"column":46}},"35":{"start":{"line":105,"column":2},"end":{"line":108,"column":null}},"36":{"start":{"line":107,"column":4},"end":{"line":107,"column":38}},"37":{"start":{"line":111,"column":2},"end":{"line":119,"column":null}},"38":{"start":{"line":112,"column":4},"end":{"line":118,"column":null}},"39":{"start":{"line":114,"column":6},"end":{"line":114,"column":34}},"40":{"start":{"line":116,"column":6},"end":{"line":116,"column":49}},"41":{"start":{"line":117,"column":6},"end":{"line":117,"column":19}},"42":{"start":{"line":102,"column":13},"end":{"line":102,"column":21}}},"fnMap":{"0":{"name":"(anonymous_1)","decl":{"start":{"line":23,"column":39},"end":{"line":23,"column":42}},"loc":{"start":{"line":23,"column":44},"end":{"line":33,"column":1}}},"1":{"name":"(anonymous_2)","decl":{"start":{"line":43,"column":35},"end":{"line":43,"column":42}},"loc":{"start":{"line":43,"column":68},"end":{"line":48,"column":1}}},"2":{"name":"(anonymous_3)","decl":{"start":{"line":50,"column":29},"end":{"line":50,"column":36}},"loc":{"start":{"line":50,"column":62},"end":{"line":90,"column":1}}},"3":{"name":"(anonymous_4)","decl":{"start":{"line":51,"column":9},"end":{"line":51,"column":14}},"loc":{"start":{"line":51,"column":71},"end":{"line":89,"column":3}}},"4":{"name":"(anonymous_5)","decl":{"start":{"line":71,"column":8},"end":{"line":71,"column":11}},"loc":{"start":{"line":71,"column":13},"end":{"line":73,"column":9}}},"5":{"name":"(anonymous_6)","decl":{"start":{"line":93,"column":8},"end":{"line":93,"column":9}},"loc":{"start":{"line":93,"column":25},"end":{"line":95,"column":3}}},"6":{"name":"(anonymous_7)","decl":{"start":{"line":97,"column":7},"end":{"line":97,"column":8}},"loc":{"start":{"line":97,"column":37},"end":{"line":99,"column":3}}},"7":{"name":"(anonymous_8)","decl":{"start":{"line":102,"column":21},"end":{"line":102,"column":26}},"loc":{"start":{"line":102,"column":32},"end":{"line":120,"column":1}}}},"branchMap":{"0":{"loc":{"start":{"line":83,"column":17},"end":{"line":83,"column":53}},"type":"cond-expr","locations":[{"start":{"line":83,"column":40},"end":{"line":83,"column":49}},{"start":{"line":83,"column":52},"end":{"line":83,"column":53}}]},"1":{"loc":{"start":{"line":105,"column":2},"end":{"line":108,"column":null}},"type":"if","locations":[{"start":{"line":105,"column":2},"end":{"line":108,"column":null}}]},"2":{"loc":{"start":{"line":111,"column":2},"end":{"line":119,"column":null}},"type":"if","locations":[{"start":{"line":111,"column":2},"end":{"line":119,"column":null}}]}},"s":{"0":17,"1":17,"2":17,"3":17,"4":17,"5":17,"6":17,"7":17,"8":17,"9":4,"10":4,"11":17,"12":17,"13":13,"14":13,"15":17,"16":17,"17":13,"18":16,"19":16,"20":16,"21":16,"22":16,"23":11,"24":11,"25":5,"26":5,"27":5,"28":5,"29":5,"30":17,"31":0,"32":22,"33":17,"34":20,"35":20,"36":20,"37":20,"38":20,"39":20,"40":0,"41":0,"42":17},"f":{"0":4,"1":13,"2":13,"3":16,"4":16,"5":0,"6":22,"7":20},"b":{"0":[5,0],"1":[20],"2":[20]}}
,"/home/norman/Lendis/code/lambda-wrappers/src/test_utils/apigateway.ts": {"path":"/home/norman/Lendis/code/lambda-wrappers/src/test_utils/apigateway.ts","statementMap":{"0":{"start":{"line":1,"column":0},"end":{"line":1,"column":77}},"1":{"start":{"line":3,"column":0},"end":{"line":3,"column":23}},"2":{"start":{"line":5,"column":0},"end":{"line":5,"column":66}},"3":{"start":{"line":7,"column":0},"end":{"line":7,"column":64}},"4":{"start":{"line":9,"column":14},"end":{"line":9,"column":46}},"5":{"start":{"line":12,"column":9},"end":{"line":12,"column":14}},"6":{"start":{"line":10,"column":0},"end":{"line":10,"column":58}},"7":{"start":{"line":17,"column":4},"end":{"line":22,"column":1}},"8":{"start":{"line":18,"column":2},"end":{"line":21,"column":4}},"9":{"start":{"line":14,"column":13},"end":{"line":14,"column":null}},"10":{"start":{"line":27,"column":4},"end":{"line":32,"column":1}},"11":{"start":{"line":28,"column":2},"end":{"line":31,"column":4}},"12":{"start":{"line":24,"column":13},"end":{"line":24,"column":null}},"13":{"start":{"line":37,"column":4},"end":{"line":39,"column":1}},"14":{"start":{"line":38,"column":2},"end":{"line":38,"column":36}},"15":{"start":{"line":34,"column":13},"end":{"line":34,"column":null}},"16":{"start":{"line":45,"column":4},"end":{"line":47,"column":1}},"17":{"start":{"line":46,"column":2},"end":{"line":46,"column":29}},"18":{"start":{"line":42,"column":13},"end":{"line":42,"column":null}},"19":{"start":{"line":50,"column":76},"end":{"line":54,"column":7}},"20":{"start":{"line":50,"column":13},"end":{"line":50,"column":76}},"21":{"start":{"line":61,"column":4},"end":{"line":63,"column":1}},"22":{"start":{"line":62,"column":2},"end":{"line":62,"column":27}},"23":{"start":{"line":56,"column":13},"end":{"line":56,"column":null}},"24":{"start":{"line":70,"column":4},"end":{"line":73,"column":1}},"25":{"start":{"line":71,"column":2},"end":{"line":71,"column":57}},"26":{"start":{"line":65,"column":13},"end":{"line":65,"column":null}},"27":{"start":{"line":80,"column":4},"end":{"line":83,"column":1}},"28":{"start":{"line":81,"column":2},"end":{"line":81,"column":48}},"29":{"start":{"line":75,"column":13},"end":{"line":75,"column":null}},"30":{"start":{"line":90,"column":4},"end":{"line":100,"column":1}},"31":{"start":{"line":91,"column":2},"end":{"line":97,"column":null}},"32":{"start":{"line":92,"column":4},"end":{"line":94,"column":7}},"33":{"start":{"line":96,"column":4},"end":{"line":96,"column":37}},"34":{"start":{"line":85,"column":13},"end":{"line":85,"column":null}},"35":{"start":{"line":107,"column":4},"end":{"line":109,"column":1}},"36":{"start":{"line":108,"column":2},"end":{"line":108,"column":41}},"37":{"start":{"line":102,"column":13},"end":{"line":102,"column":null}},"38":{"start":{"line":116,"column":4},"end":{"line":118,"column":1}},"39":{"start":{"line":117,"column":2},"end":{"line":117,"column":34}},"40":{"start":{"line":111,"column":13},"end":{"line":111,"column":null}},"41":{"start":{"line":124,"column":4},"end":{"line":128,"column":1}},"42":{"start":{"line":125,"column":2},"end":{"line":127,"column":5}},"43":{"start":{"line":119,"column":13},"end":{"line":119,"column":null}},"44":{"start":{"line":135,"column":4},"end":{"line":137,"column":1}},"45":{"start":{"line":136,"column":2},"end":{"line":136,"column":36}},"46":{"start":{"line":130,"column":13},"end":{"line":130,"column":null}},"47":{"start":{"line":144,"column":4},"end":{"line":146,"column":1}},"48":{"start":{"line":145,"column":2},"end":{"line":145,"column":29}},"49":{"start":{"line":140,"column":13},"end":{"line":140,"column":null}},"50":{"start":{"line":153,"column":4},"end":{"line":153,"column":42}},"51":{"start":{"line":149,"column":13},"end":{"line":149,"column":null}}},"fnMap":{"0":{"name":"(anonymous_1)","decl":{"start":{"line":17,"column":4},"end":{"line":17,"column":9}},"loc":{"start":{"line":17,"column":39},"end":{"line":22,"column":1}}},"1":{"name":"(anonymous_2)","decl":{"start":{"line":27,"column":4},"end":{"line":27,"column":9}},"loc":{"start":{"line":27,"column":39},"end":{"line":32,"column":1}}},"2":{"name":"(anonymous_3)","decl":{"start":{"line":37,"column":4},"end":{"line":37,"column":9}},"loc":{"start":{"line":37,"column":39},"end":{"line":39,"column":1}}},"3":{"name":"(anonymous_4)","decl":{"start":{"line":45,"column":4},"end":{"line":45,"column":9}},"loc":{"start":{"line":45,"column":39},"end":{"line":47,"column":1}}},"4":{"name":"(anonymous_5)","decl":{"start":{"line":50,"column":76},"end":{"line":50,"column":null}},"loc":{"start":{"line":54,"column":4},"end":{"line":54,"column":7}}},"5":{"name":"(anonymous_6)","decl":{"start":{"line":61,"column":4},"end":{"line":61,"column":9}},"loc":{"start":{"line":61,"column":54},"end":{"line":63,"column":1}}},"6":{"name":"(anonymous_7)","decl":{"start":{"line":70,"column":4},"end":{"line":70,"column":9}},"loc":{"start":{"line":70,"column":54},"end":{"line":73,"column":1}}},"7":{"name":"(anonymous_8)","decl":{"start":{"line":80,"column":4},"end":{"line":80,"column":9}},"loc":{"start":{"line":80,"column":54},"end":{"line":83,"column":1}}},"8":{"name":"(anonymous_9)","decl":{"start":{"line":90,"column":4},"end":{"line":90,"column":9}},"loc":{"start":{"line":90,"column":54},"end":{"line":100,"column":1}}},"9":{"name":"(anonymous_10)","decl":{"start":{"line":107,"column":4},"end":{"line":107,"column":9}},"loc":{"start":{"line":107,"column":54},"end":{"line":109,"column":1}}},"10":{"name":"(anonymous_11)","decl":{"start":{"line":116,"column":4},"end":{"line":116,"column":9}},"loc":{"start":{"line":116,"column":54},"end":{"line":118,"column":1}}},"11":{"name":"(anonymous_12)","decl":{"start":{"line":124,"column":4},"end":{"line":124,"column":9}},"loc":{"start":{"line":124,"column":54},"end":{"line":128,"column":1}}},"12":{"name":"(anonymous_13)","decl":{"start":{"line":135,"column":4},"end":{"line":135,"column":9}},"loc":{"start":{"line":135,"column":54},"end":{"line":137,"column":1}}},"13":{"name":"(anonymous_14)","decl":{"start":{"line":144,"column":4},"end":{"line":144,"column":9}},"loc":{"start":{"line":144,"column":45},"end":{"line":146,"column":1}}},"14":{"name":"(anonymous_15)","decl":{"start":{"line":153,"column":4},"end":{"line":153,"column":5}},"loc":{"start":{"line":153,"column":39},"end":{"line":153,"column":42}}}},"branchMap":{},"s":{"0":4,"1":4,"2":4,"3":4,"4":4,"5":4,"6":4,"7":4,"8":2,"9":4,"10":4,"11":1,"12":4,"13":4,"14":1,"15":4,"16":4,"17":0,"18":4,"19":4,"20":4,"21":4,"22":2,"23":4,"24":4,"25":2,"26":4,"27":4,"28":1,"29":4,"30":4,"31":1,"32":1,"33":1,"34":4,"35":4,"36":1,"37":4,"38":4,"39":1,"40":4,"41":4,"42":1,"43":4,"44":4,"45":2,"46":4,"47":4,"48":1,"49":4,"50":4,"51":4},"f":{"0":2,"1":1,"2":1,"3":0,"4":0,"5":2,"6":2,"7":1,"8":1,"9":1,"10":1,"11":1,"12":2,"13":1,"14":0},"b":{}}
,"/home/norman/Lendis/code/lambda-wrappers/src/test_utils/utils.ts": {"path":"/home/norman/Lendis/code/lambda-wrappers/src/test_utils/utils.ts","statementMap":{"0":{"start":{"line":1,"column":0},"end":{"line":1,"column":null}},"1":{"start":{"line":6,"column":0},"end":{"line":6,"column":67}},"2":{"start":{"line":8,"column":0},"end":{"line":8,"column":null}},"3":{"start":{"line":19,"column":0},"end":{"line":19,"column":71}},"4":{"start":{"line":22,"column":13},"end":{"line":26,"column":2}},"5":{"start":{"line":24,"column":4},"end":{"line":24,"column":25}},"6":{"start":{"line":28,"column":29},"end":{"line":43,"column":1}},"7":{"start":{"line":32,"column":19},"end":{"line":32,"column":21}},"8":{"start":{"line":33,"column":2},"end":{"line":41,"column":4}},"9":{"start":{"line":38,"column":8},"end":{"line":38,"column":27}},"10":{"start":{"line":42,"column":2},"end":{"line":42,"column":20}},"11":{"start":{"line":45,"column":13},"end":{"line":45,"column":57}},"12":{"start":{"line":46,"column":13},"end":{"line":46,"column":49}},"13":{"start":{"line":47,"column":0},"end":{"line":47,"column":66}},"14":{"start":{"line":48,"column":0},"end":{"line":50,"column":3}},"15":{"start":{"line":52,"column":13},"end":{"line":57,"column":2}},"16":{"start":{"line":59,"column":13},"end":{"line":64,"column":2}},"17":{"start":{"line":66,"column":13},"end":{"line":69,"column":2}},"18":{"start":{"line":70,"column":13},"end":{"line":73,"column":2}},"19":{"start":{"line":75,"column":13},"end":{"line":80,"column":2}},"20":{"start":{"line":82,"column":13},"end":{"line":87,"column":2}},"21":{"start":{"line":89,"column":13},"end":{"line":92,"column":2}},"22":{"start":{"line":93,"column":13},"end":{"line":96,"column":2}},"23":{"start":{"line":98,"column":13},"end":{"line":110,"column":2}},"24":{"start":{"line":112,"column":13},"end":{"line":167,"column":2}},"25":{"start":{"line":169,"column":13},"end":{"line":182,"column":2}},"26":{"start":{"line":178,"column":34},"end":{"line":178,"column":35}}},"fnMap":{"0":{"name":"(anonymous_0)","decl":{"start":{"line":23,"column":2},"end":{"line":23,"column":5}},"loc":{"start":{"line":23,"column":46},"end":{"line":25,"column":3}}},"1":{"name":"(anonymous_1)","decl":{"start":{"line":28,"column":29},"end":{"line":28,"column":null}},"loc":{"start":{"line":31,"column":12},"end":{"line":43,"column":1}}},"2":{"name":"(anonymous_2)","decl":{"start":{"line":37,"column":6},"end":{"line":37,"column":9}},"loc":{"start":{"line":37,"column":50},"end":{"line":39,"column":7}}},"3":{"name":"(anonymous_3)","decl":{"start":{"line":178,"column":28},"end":{"line":178,"column":31}},"loc":{"start":{"line":178,"column":34},"end":{"line":178,"column":35}}},"4":{"name":"(anonymous_4)","decl":{"start":{"line":179,"column":8},"end":{"line":179,"column":11}},"loc":{"start":{"line":179,"column":13},"end":{"line":179,"column":16}}},"5":{"name":"(anonymous_5)","decl":{"start":{"line":180,"column":8},"end":{"line":180,"column":11}},"loc":{"start":{"line":180,"column":13},"end":{"line":180,"column":16}}},"6":{"name":"(anonymous_6)","decl":{"start":{"line":181,"column":11},"end":{"line":181,"column":14}},"loc":{"start":{"line":181,"column":16},"end":{"line":181,"column":19}}}},"branchMap":{},"s":{"0":17,"1":17,"2":17,"3":17,"4":17,"5":0,"6":17,"7":68,"8":68,"9":68,"10":68,"11":17,"12":17,"13":17,"14":17,"15":17,"16":17,"17":17,"18":17,"19":17,"20":17,"21":17,"22":17,"23":17,"24":17,"25":17,"26":21},"f":{"0":0,"1":68,"2":68,"3":21,"4":0,"5":0,"6":0},"b":{}}
[...]
,"/home/norman/Lendis/code/lambda-wrappers/src/util/exceptions.ts": {"path":"/home/norman/Lendis/code/lambda-wrappers/src/util/exceptions.ts","statementMap":{"0":{"start":{"line":1,"column":0},"end":{"line":1,"column":41}},"1":{"start":{"line":2,"column":0},"end":{"line":2,"column":48}},"2":{"start":{"line":4,"column":31},"end":{"line":10,"column":1}},"3":{"start":{"line":5,"column":2},"end":{"line":5,"column":29}},"4":{"start":{"line":7,"column":2},"end":{"line":9,"column":null}},"5":{"start":{"line":8,"column":4},"end":{"line":8,"column":54}},"6":{"start":{"line":4,"column":13},"end":{"line":4,"column":31}}},"fnMap":{"0":{"name":"(anonymous_1)","decl":{"start":{"line":4,"column":31},"end":{"line":4,"column":32}},"loc":{"start":{"line":4,"column":42},"end":{"line":10,"column":1}}}},"branchMap":{"0":{"loc":{"start":{"line":7,"column":2},"end":{"line":9,"column":null}},"type":"if","locations":[{"start":{"line":7,"column":2},"end":{"line":9,"column":null}}]},"1":{"loc":{"start":{"line":7,"column":6},"end":{"line":7,"column":50}},"type":"cond-expr","locations":[{"start":{"line":7,"column":35},"end":{"line":7,"column":37}},{"start":{"line":7,"column":35},"end":{"line":7,"column":50}}]},"2":{"loc":{"start":{"line":7,"column":6},"end":{"line":7,"column":37}},"type":"binary-expr","locations":[{"start":{"line":7,"column":6},"end":{"line":7,"column":37}},{"start":{"line":7,"column":35},"end":{"line":7,"column":37}}]},"3":{"loc":{"start":{"line":8,"column":4},"end":{"line":8,"column":53}},"type":"cond-expr","locations":[{"start":{"line":8,"column":33},"end":{"line":8,"column":35}},{"start":{"line":8,"column":33},"end":{"line":8,"column":53}}]},"4":{"loc":{"start":{"line":8,"column":4},"end":{"line":8,"column":35}},"type":"binary-expr","locations":[{"start":{"line":8,"column":4},"end":{"line":8,"column":35}},{"start":{"line":8,"column":33},"end":{"line":8,"column":35}}]}},"s":{"0":7,"1":7,"2":7,"3":7,"4":7,"5":4,"6":7},"f":{"0":7},"b":{"0":[4],"1":[3,4],"2":[7,7],"3":[0,4],"4":[4,4]}}
,"/home/norman/Lendis/code/lambda-wrappers/src/util/validateRecord.ts": {"path":"/home/norman/Lendis/code/lambda-wrappers/src/util/validateRecord.ts","statementMap":{"0":{"start":{"line":2,"column":0},"end":{"line":2,"column":45}},"1":{"start":{"line":4,"column":30},"end":{"line":23,"column":1}},"2":{"start":{"line":8,"column":2},"end":{"line":22,"column":null}},"3":{"start":{"line":9,"column":4},"end":{"line":21,"column":null}},"4":{"start":{"line":10,"column":6},"end":{"line":13,"column":9}},"5":{"start":{"line":15,"column":6},"end":{"line":15,"column":60}},"6":{"start":{"line":16,"column":6},"end":{"line":16,"column":19}},"7":{"start":{"line":17,"column":6},"end":{"line":17,"column":31}},"8":{"start":{"line":18,"column":6},"end":{"line":18,"column":34}},"9":{"start":{"line":20,"column":6},"end":{"line":20,"column":14}},"10":{"start":{"line":4,"column":13},"end":{"line":4,"column":30}}},"fnMap":{"0":{"name":"(anonymous_0)","decl":{"start":{"line":4,"column":30},"end":{"line":4,"column":35}},"loc":{"start":{"line":7,"column":4},"end":{"line":23,"column":1}}}},"branchMap":{"0":{"loc":{"start":{"line":8,"column":2},"end":{"line":22,"column":null}},"type":"if","locations":[{"start":{"line":8,"column":2},"end":{"line":22,"column":null}}]}},"s":{"0":3,"1":3,"2":14,"3":8,"4":8,"5":2,"6":2,"7":2,"8":2,"9":2,"10":3},"f":{"0":14},"b":{"0":[8]}}
,"/home/norman/Lendis/code/lambda-wrappers/src/util/apigateway/apigateway.ts": {"path":"/home/norman/Lendis/code/lambda-wrappers/src/util/apigateway/apigateway.ts","statementMap":{"0":{"start":{"line":3,"column":0},"end":{"line":3,"column":36}},"1":{"start":{"line":7,"column":4},"end":{"line":12,"column":6}},"2":{"start":{"line":6,"column":22},"end":{"line":6,"column":49}},"3":{"start":{"line":16,"column":4},"end":{"line":16,"column":22}},"4":{"start":{"line":5,"column":0},"end":{"line":5,"column":13}}},"fnMap":{"0":{"name":"(anonymous_0)","decl":{"start":{"line":6,"column":2},"end":{"line":6,"column":22}},"loc":{"start":{"line":6,"column":49},"end":{"line":13,"column":3}}},"1":{"name":"(anonymous_1)","decl":{"start":{"line":15,"column":9},"end":{"line":15,"column":24}},"loc":{"start":{"line":15,"column":24},"end":{"line":17,"column":3}}}},"branchMap":{},"s":{"0":2,"1":22,"2":22,"3":0,"4":2},"f":{"0":22,"1":0},"b":{}}
,"/home/norman/Lendis/code/lambda-wrappers/src/util/apigateway/request.ts": {"path":"/home/norman/Lendis/code/lambda-wrappers/src/util/apigateway/request.ts","statementMap":{"0":{"start":{"line":9,"column":12},"end":{"line":9,"column":34}},"1":{"start":{"line":10,"column":12},"end":{"line":10,"column":58}},"2":{"start":{"line":11,"column":12},"end":{"line":11,"column":72}},"3":{"start":{"line":12,"column":12},"end":{"line":12,"column":62}},"4":{"start":{"line":16,"column":4},"end":{"line":16,"column":24}},"5":{"start":{"line":20,"column":4},"end":{"line":20,"column":36}},"6":{"start":{"line":20,"column":19},"end":{"line":20,"column":36}},"7":{"start":{"line":22,"column":24},"end":{"line":22,"column":52}},"8":{"start":{"line":24,"column":4},"end":{"line":26,"column":null}},"9":{"start":{"line":25,"column":6},"end":{"line":25,"column":36}},"10":{"start":{"line":28,"column":4},"end":{"line":30,"column":null}},"11":{"start":{"line":29,"column":6},"end":{"line":29,"column":48}},"12":{"start":{"line":32,"column":4},"end":{"line":32,"column":29}},"13":{"start":{"line":36,"column":4},"end":{"line":36,"column":37}},"14":{"start":{"line":40,"column":4},"end":{"line":40,"column":38}},"15":{"start":{"line":44,"column":4},"end":{"line":44,"column":24}},"16":{"start":{"line":4,"column":0},"end":{"line":4,"column":13}}},"fnMap":{"0":{"name":"(anonymous_0)","decl":{"start":{"line":8,"column":2},"end":{"line":8,"column":null}},"loc":{"start":{"line":12,"column":64},"end":{"line":13,"column":6}}},"1":{"name":"(anonymous_1)","decl":{"start":{"line":15,"column":9},"end":{"line":15,"column":19}},"loc":{"start":{"line":15,"column":19},"end":{"line":17,"column":3}}},"2":{"name":"(anonymous_2)","decl":{"start":{"line":19,"column":9},"end":{"line":19,"column":16}},"loc":{"start":{"line":19,"column":16},"end":{"line":33,"column":3}}},"3":{"name":"(anonymous_3)","decl":{"start":{"line":35,"column":9},"end":{"line":35,"column":26}},"loc":{"start":{"line":35,"column":26},"end":{"line":37,"column":3}}},"4":{"name":"(anonymous_4)","decl":{"start":{"line":39,"column":9},"end":{"line":39,"column":27}},"loc":{"start":{"line":39,"column":27},"end":{"line":41,"column":3}}},"5":{"name":"(anonymous_5)","decl":{"start":{"line":43,"column":9},"end":{"line":43,"column":19}},"loc":{"start":{"line":43,"column":19},"end":{"line":45,"column":3}}}},"branchMap":{"0":{"loc":{"start":{"line":10,"column":12},"end":{"line":10,"column":60}},"type":"default-arg","locations":[{"start":{"line":10,"column":58},"end":{"line":10,"column":60}}]},"1":{"loc":{"start":{"line":11,"column":12},"end":{"line":11,"column":74}},"type":"default-arg","locations":[{"start":{"line":11,"column":72},"end":{"line":11,"column":74}}]},"2":{"loc":{"start":{"line":12,"column":12},"end":{"line":12,"column":64}},"type":"default-arg","locations":[{"start":{"line":12,"column":62},"end":{"line":12,"column":64}}]},"3":{"loc":{"start":{"line":20,"column":4},"end":{"line":20,"column":36}},"type":"if","locations":[{"start":{"line":20,"column":4},"end":{"line":20,"column":36}}]},"4":{"loc":{"start":{"line":24,"column":4},"end":{"line":26,"column":null}},"type":"if","locations":[{"start":{"line":24,"column":4},"end":{"line":26,"column":null}}]},"5":{"loc":{"start":{"line":24,"column":8},"end":{"line":24,"column":34}},"type":"cond-expr","locations":[{"start":{"line":24,"column":19},"end":{"line":24,"column":21}},{"start":{"line":24,"column":8},"end":{"line":24,"column":34}}]},"6":{"loc":{"start":{"line":24,"column":8},"end":{"line":24,"column":21}},"type":"binary-expr","locations":[{"start":{"line":24,"column":8},"end":{"line":24,"column":21}},{"start":{"line":24,"column":8},"end":{"line":24,"column":21}}]},"7":{"loc":{"start":{"line":28,"column":4},"end":{"line":30,"column":null}},"type":"if","locations":[{"start":{"line":28,"column":4},"end":{"line":30,"column":null}}]},"8":{"loc":{"start":{"line":28,"column":8},"end":{"line":28,"column":58}},"type":"binary-expr","locations":[{"start":{"line":28,"column":8},"end":{"line":28,"column":42}},{"start":{"line":28,"column":46},"end":{"line":28,"column":58}}]},"9":{"loc":{"start":{"line":36,"column":11},"end":{"line":36,"column":36}},"type":"binary-expr","locations":[{"start":{"line":36,"column":11},"end":{"line":36,"column":30}},{"start":{"line":36,"column":34},"end":{"line":36,"column":36}}]},"10":{"loc":{"start":{"line":40,"column":11},"end":{"line":40,"column":37}},"type":"binary-expr","locations":[{"start":{"line":40,"column":11},"end":{"line":40,"column":31}},{"start":{"line":40,"column":35},"end":{"line":40,"column":37}}]}},"s":{"0":25,"1":25,"2":25,"3":25,"4":1,"5":31,"6":6,"7":25,"8":25,"9":21,"10":25,"11":2,"12":24,"13":3,"14":3,"15":3,"16":3},"f":{"0":25,"1":1,"2":31,"3":3,"4":3,"5":3},"b":{"0":[1],"1":[1],"2":[1],"3":[6],"4":[21],"5":[2,23],"6":[25,25],"7":[2],"8":[25,2],"9":[3,1],"10":[3,1]}}
,"/home/norman/Lendis/code/lambda-wrappers/src/util/apigateway/response.ts": {"path":"/home/norman/Lendis/code/lambda-wrappers/src/util/apigateway/response.ts","statementMap":{"0":{"start":{"line":11,"column":12},"end":{"line":11,"column":19}},"1":{"start":{"line":12,"column":12},"end":{"line":12,"column":43}},"2":{"start":{"line":13,"column":12},"end":{"line":13,"column":30}},"3":{"start":{"line":17,"column":4},"end":{"line":17,"column":21}},"4":{"start":{"line":21,"column":4},"end":{"line":21,"column":27}},"5":{"start":{"line":25,"column":4},"end":{"line":25,"column":24}},"6":{"start":{"line":30,"column":9},"end":{"line":30,"column":27}},"7":{"start":{"line":36,"column":4},"end":{"line":36,"column":44}},"8":{"start":{"line":43,"column":4},"end":{"line":43,"column":44}},"9":{"start":{"line":50,"column":4},"end":{"line":50,"column":44}},"10":{"start":{"line":29,"column":0},"end":{"line":29,"column":13}},"11":{"start":{"line":56,"column":9},"end":{"line":56,"column":24}},"12":{"start":{"line":58,"column":10},"end":{"line":58,"column":36}},"13":{"start":{"line":61,"column":4},"end":{"line":61,"column":25}},"14":{"start":{"line":65,"column":4},"end":{"line":65,"column":25}},"15":{"start":{"line":66,"column":4},"end":{"line":66,"column":16}},"16":{"start":{"line":73,"column":4},"end":{"line":73,"column":45}},"17":{"start":{"line":80,"column":4},"end":{"line":80,"column":45}},"18":{"start":{"line":87,"column":4},"end":{"line":87,"column":45}},"19":{"start":{"line":94,"column":4},"end":{"line":94,"column":45}},"20":{"start":{"line":101,"column":4},"end":{"line":101,"column":45}},"21":{"start":{"line":108,"column":4},"end":{"line":108,"column":45}},"22":{"start":{"line":115,"column":4},"end":{"line":115,"column":55}},"23":{"start":{"line":55,"column":0},"end":{"line":55,"column":13}}},"fnMap":{"0":{"name":"(anonymous_0)","decl":{"start":{"line":10,"column":2},"end":{"line":10,"column":null}},"loc":{"start":{"line":13,"column":30},"end":{"line":14,"column":6}}},"1":{"name":"(anonymous_1)","decl":{"start":{"line":16,"column":9},"end":{"line":16,"column":16}},"loc":{"start":{"line":16,"column":16},"end":{"line":18,"column":3}}},"2":{"name":"(anonymous_2)","decl":{"start":{"line":20,"column":9},"end":{"line":20,"column":22}},"loc":{"start":{"line":20,"column":22},"end":{"line":22,"column":3}}},"3":{"name":"(anonymous_3)","decl":{"start":{"line":24,"column":9},"end":{"line":24,"column":19}},"loc":{"start":{"line":24,"column":19},"end":{"line":26,"column":3}}},"4":{"name":"(anonymous_4)","decl":{"start":{"line":29,"column":0},"end":{"line":29,"column":13}},"loc":{"start":{"line":29,"column":0},"end":{"line":52,"column":1}}},"5":{"name":"(anonymous_5)","decl":{"start":{"line":32,"column":9},"end":{"line":32,"column":15}},"loc":{"start":{"line":34,"column":40},"end":{"line":37,"column":3}}},"6":{"name":"(anonymous_6)","decl":{"start":{"line":39,"column":9},"end":{"line":39,"column":15}},"loc":{"start":{"line":41,"column":40},"end":{"line":44,"column":3}}},"7":{"name":"(anonymous_7)","decl":{"start":{"line":46,"column":9},"end":{"line":46,"column":15}},"loc":{"start":{"line":47,"column":40},"end":{"line":51,"column":3}}},"8":{"name":"(anonymous_8)","decl":{"start":{"line":55,"column":0},"end":{"line":55,"column":13}},"loc":{"start":{"line":55,"column":0},"end":{"line":117,"column":1}}},"9":{"name":"(anonymous_9)","decl":{"start":{"line":60,"column":9},"end":{"line":60,"column":18}},"loc":{"start":{"line":60,"column":18},"end":{"line":62,"column":3}}},"10":{"name":"(anonymous_10)","decl":{"start":{"line":64,"column":9},"end":{"line":64,"column":16}},"loc":{"start":{"line":64,"column":16},"end":{"line":67,"column":3}}},"11":{"name":"(anonymous_11)","decl":{"start":{"line":69,"column":9},"end":{"line":69,"column":15}},"loc":{"start":{"line":71,"column":40},"end":{"line":74,"column":3}}},"12":{"name":"(anonymous_12)","decl":{"start":{"line":76,"column":9},"end":{"line":76,"column":15}},"loc":{"start":{"line":78,"column":40},"end":{"line":81,"column":3}}},"13":{"name":"(anonymous_13)","decl":{"start":{"line":83,"column":9},"end":{"line":83,"column":15}},"loc":{"start":{"line":85,"column":40},"end":{"line":88,"column":3}}},"14":{"name":"(anonymous_14)","decl":{"start":{"line":90,"column":9},"end":{"line":90,"column":15}},"loc":{"start":{"line":92,"column":40},"end":{"line":95,"column":3}}},"15":{"name":"(anonymous_15)","decl":{"start":{"line":97,"column":9},"end":{"line":97,"column":15}},"loc":{"start":{"line":99,"column":40},"end":{"line":102,"column":3}}},"16":{"name":"(anonymous_16)","decl":{"start":{"line":104,"column":9},"end":{"line":104,"column":15}},"loc":{"start":{"line":106,"column":40},"end":{"line":109,"column":3}}},"17":{"name":"(anonymous_17)","decl":{"start":{"line":111,"column":9},"end":{"line":111,"column":15}},"loc":{"start":{"line":113,"column":40},"end":{"line":116,"column":3}}}},"branchMap":{"0":{"loc":{"start":{"line":34,"column":4},"end":{"line":34,"column":40}},"type":"default-arg","locations":[{"start":{"line":34,"column":38},"end":{"line":34,"column":40}}]},"1":{"loc":{"start":{"line":41,"column":4},"end":{"line":41,"column":40}},"type":"default-arg","locations":[{"start":{"line":41,"column":38},"end":{"line":41,"column":40}}]},"2":{"loc":{"start":{"line":47,"column":4},"end":{"line":47,"column":40}},"type":"default-arg","locations":[{"start":{"line":47,"column":38},"end":{"line":47,"column":40}}]},"3":{"loc":{"start":{"line":71,"column":4},"end":{"line":71,"column":40}},"type":"default-arg","locations":[{"start":{"line":71,"column":38},"end":{"line":71,"column":40}}]},"4":{"loc":{"start":{"line":78,"column":4},"end":{"line":78,"column":40}},"type":"default-arg","locations":[{"start":{"line":78,"column":38},"end":{"line":78,"column":40}}]},"5":{"loc":{"start":{"line":85,"column":4},"end":{"line":85,"column":40}},"type":"default-arg","locations":[{"start":{"line":85,"column":38},"end":{"line":85,"column":40}}]},"6":{"loc":{"start":{"line":92,"column":4},"end":{"line":92,"column":40}},"type":"default-arg","locations":[{"start":{"line":92,"column":38},"end":{"line":92,"column":40}}]},"7":{"loc":{"start":{"line":99,"column":4},"end":{"line":99,"column":40}},"type":"default-arg","locations":[{"start":{"line":99,"column":38},"end":{"line":99,"column":40}}]},"8":{"loc":{"start":{"line":106,"column":4},"end":{"line":106,"column":40}},"type":"default-arg","locations":[{"start":{"line":106,"column":38},"end":{"line":106,"column":40}}]},"9":{"loc":{"start":{"line":113,"column":4},"end":{"line":113,"column":40}},"type":"default-arg","locations":[{"start":{"line":113,"column":38},"end":{"line":113,"column":40}}]}},"s":{"0":31,"1":31,"2":31,"3":18,"4":23,"5":15,"6":15,"7":11,"8":1,"9":3,"10":6,"11":16,"12":16,"13":8,"14":5,"15":5,"16":3,"17":3,"18":3,"19":1,"20":1,"21":1,"22":4,"23":6},"f":{"0":31,"1":18,"2":23,"3":15,"4":15,"5":11,"6":1,"7":3,"8":16,"9":8,"10":5,"11":3,"12":3,"13":3,"14":1,"15":1,"16":1,"17":4},"b":{"0":[11],"1":[1],"2":[3],"3":[3],"4":[3],"5":[3],"6":[1],"7":[1],"8":[1],"9":[4]}}
,"/home/norman/Lendis/code/lambda-wrappers/src/util/sqs/record.ts": {"path":"/home/norman/Lendis/code/lambda-wrappers/src/util/sqs/record.ts","statementMap":{"0":{"start":{"line":7,"column":22},"end":{"line":7,"column":39}},"1":{"start":{"line":10,"column":4},"end":{"line":10,"column":23}},"2":{"start":{"line":14,"column":4},"end":{"line":14,"column":33}},"3":{"start":{"line":18,"column":4},"end":{"line":20,"column":null}},"4":{"start":{"line":19,"column":6},"end":{"line":19,"column":23}},"5":{"start":{"line":21,"column":4},"end":{"line":23,"column":null}},"6":{"start":{"line":22,"column":6},"end":{"line":22,"column":49}},"7":{"start":{"line":25,"column":4},"end":{"line":27,"column":null}},"8":{"start":{"line":26,"column":6},"end":{"line":26,"column":72}},"9":{"start":{"line":29,"column":4},"end":{"line":29,"column":50}},"10":{"start":{"line":30,"column":4},"end":{"line":30,"column":26}},"11":{"start":{"line":6,"column":0},"end":{"line":6,"column":13}},"12":{"start":{"line":34,"column":29},"end":{"line":40,"column":1}},"13":{"start":{"line":37,"column":2},"end":{"line":39,"column":4}},"14":{"start":{"line":34,"column":13},"end":{"line":34,"column":29}}},"fnMap":{"0":{"name":"(anonymous_0)","decl":{"start":{"line":7,"column":2},"end":{"line":7,"column":22}},"loc":{"start":{"line":7,"column":39},"end":{"line":7,"column":43}}},"1":{"name":"(anonymous_1)","decl":{"start":{"line":9,"column":2},"end":{"line":9,"column":14}},"loc":{"start":{"line":9,"column":14},"end":{"line":11,"column":3}}},"2":{"name":"(anonymous_2)","decl":{"start":{"line":13,"column":2},"end":{"line":13,"column":14}},"loc":{"start":{"line":13,"column":14},"end":{"line":15,"column":3}}},"3":{"name":"(anonymous_3)","decl":{"start":{"line":17,"column":9},"end":{"line":17,"column":16}},"loc":{"start":{"line":17,"column":16},"end":{"line":31,"column":3}}},"4":{"name":"(anonymous_4)","decl":{"start":{"line":34,"column":29},"end":{"line":34,"column":null}},"loc":{"start":{"line":36,"column":25},"end":{"line":40,"column":1}}}},"branchMap":{"0":{"loc":{"start":{"line":18,"column":4},"end":{"line":20,"column":null}},"type":"if","locations":[{"start":{"line":18,"column":4},"end":{"line":20,"column":null}}]},"1":{"loc":{"start":{"line":21,"column":4},"end":{"line":23,"column":null}},"type":"if","locations":[{"start":{"line":21,"column":4},"end":{"line":23,"column":null}}]},"2":{"loc":{"start":{"line":21,"column":8},"end":{"line":21,"column":55}},"type":"cond-expr","locations":[{"start":{"line":21,"column":42},"end":{"line":21,"column":44}},{"start":{"line":21,"column":42},"end":{"line":21,"column":55}}]},"3":{"loc":{"start":{"line":21,"column":8},"end":{"line":21,"column":44}},"type":"binary-expr","locations":[{"start":{"line":21,"column":8},"end":{"line":21,"column":44}},{"start":{"line":21,"column":42},"end":{"line":21,"column":44}}]},"4":{"loc":{"start":{"line":25,"column":4},"end":{"line":27,"column":null}},"type":"if","locations":[{"start":{"line":25,"column":4},"end":{"line":27,"column":null}}]},"5":{"loc":{"start":{"line":25,"column":8},"end":{"line":25,"column":55}},"type":"cond-expr","locations":[{"start":{"line":25,"column":42},"end":{"line":25,"column":44}},{"start":{"line":25,"column":42},"end":{"line":25,"column":55}}]},"6":{"loc":{"start":{"line":25,"column":8},"end":{"line":25,"column":44}},"type":"binary-expr","locations":[{"start":{"line":25,"column":8},"end":{"line":25,"column":44}},{"start":{"line":25,"column":42},"end":{"line":25,"column":44}}]}},"s":{"0":20,"1":1,"2":11,"3":29,"4":16,"5":13,"6":2,"7":11,"8":1,"9":10,"10":8,"11":4,"12":4,"13":10,"14":4},"f":{"0":20,"1":1,"2":11,"3":29,"4":10},"b":{"0":[16],"1":[2],"2":[10,3],"3":[13,13],"4":[1],"5":[10,1],"6":[11,11]}}
}
