TN:
SF:src/lambda/Wrapper.ts
FN:14,(anonymous_0)
FN:21,wrappedInitableHandler
FN:33,(anonymous_2)
FN:34,(anonymous_3)
FN:53,(anonymous_4)
FN:88,(anonymous_5)
FN:91,(anonymous_6)
FNF:7
FNH:7
FNDA:35,(anonymous_0)
FNDA:37,wrappedInitableHandler
FNDA:37,(anonymous_2)
FNDA:2,(anonymous_3)
FNDA:34,(anonymous_4)
FNDA:34,(anonymous_5)
FNDA:35,(anonymous_6)
DA:2,8
DA:8,8
DA:9,8
DA:10,8
DA:11,8
DA:14,8
DA:18,35
DA:21,35
DA:26,37
DA:27,31
DA:28,31
DA:29,31
DA:33,37
DA:34,37
DA:35,2
DA:37,2
DA:38,1
DA:40,1
DA:44,37
DA:46,37
DA:47,35
DA:53,8
DA:65,34
DA:70,34
DA:72,34
DA:77,34
DA:78,5
DA:81,34
DA:82,11
DA:85,34
DA:88,8
DA:91,34
DA:92,35
DA:93,35
DA:94,35
DA:96,7
DA:97,7
DA:99,7
DA:100,7
DA:101,7
LF:40
LH:40
BRDA:26,0,0,31
BRDA:28,1,0,11
BRDA:37,2,0,1
BRDA:37,2,1,1
BRDA:46,3,0,35
BRDA:46,4,0,37
BRDA:46,4,1,35
BRDA:74,5,0,18
BRDA:74,5,1,16
BRDA:74,6,0,34
BRDA:74,6,1,34
BRDA:77,7,0,5
BRDA:81,8,0,11
BRF:13
BRH:13
end_of_record
TN:
SF:src/lambda/ApiGateway/ControllerFactory.ts
FN:42,(anonymous_0)
FN:53,(anonymous_1)
FN:62,(anonymous_2)
FN:84,(anonymous_3)
FN:93,(anonymous_4)
FN:102,(anonymous_5)
FN:111,(anonymous_6)
FN:122,(anonymous_7)
FN:134,(anonymous_8)
FN:146,(anonymous_9)
FN:159,(anonymous_10)
FNF:11
FNH:11
FNDA:1,(anonymous_0)
FNDA:1,(anonymous_1)
FNDA:2,(anonymous_2)
FNDA:1,(anonymous_3)
FNDA:1,(anonymous_4)
FNDA:2,(anonymous_5)
FNDA:2,(anonymous_6)
FNDA:2,(anonymous_7)
FNDA:1,(anonymous_8)
FNDA:1,(anonymous_9)
FNDA:8,(anonymous_10)
DA:6,1
DA:9,1
DA:27,1
DA:43,1
DA:45,1
DA:46,1
DA:47,1
DA:48,1
DA:49,1
DA:50,1
DA:54,1
DA:55,1
DA:56,1
DA:57,1
DA:58,1
DA:59,1
DA:68,2
DA:76,2
DA:77,2
DA:78,2
DA:79,2
DA:80,2
DA:81,2
DA:85,1
DA:86,1
DA:87,1
DA:88,1
DA:89,1
DA:90,1
DA:94,1
DA:95,1
DA:96,1
DA:97,1
DA:98,1
DA:99,1
DA:103,2
DA:104,2
DA:105,2
DA:106,2
DA:107,2
DA:108,2
DA:122,2
DA:128,2
DA:135,1
DA:139,2
DA:147,1
DA:150,2
DA:156,2
DA:174,8
LF:49
LH:49
BRDA:66,0,0,1
BRDA:76,1,0,2
BRDA:76,1,1,2
BRF:3
BRH:3
end_of_record
TN:
SF:src/lambda/ApiGateway/api.ts
FN:29,(anonymous_6)
FN:51,(anonymous_7)
FN:149,handleAPIGateway
FNF:3
FNH:3
FNDA:17,(anonymous_6)
FNDA:16,(anonymous_7)
FNDA:22,handleAPIGateway
DA:10,2
DA:16,2
DA:18,2
DA:19,2
DA:20,2
DA:21,2
DA:22,2
DA:29,2
DA:51,17
DA:54,16
DA:59,1
DA:60,1
DA:61,1
DA:62,1
DA:64,1
DA:72,15
DA:73,15
DA:75,15
DA:76,5
DA:79,5
DA:80,1
DA:81,1
DA:83,0
DA:86,4
DA:89,5
DA:97,10
DA:98,1
DA:106,9
DA:107,1
DA:114,8
DA:115,4
DA:116,4
DA:118,3
DA:119,3
DA:128,5
DA:129,1
DA:137,4
DA:144,17
DA:149,17
DA:157,22
DA:158,22
DA:159,22
DA:161,22
DA:169,22
DA:172,22
DA:173,22
DA:176,1
DA:177,1
DA:186,21
DA:187,5
DA:188,5
DA:190,3
DA:193,3
DA:194,3
DA:195,3
DA:204,18
DA:206,16
DA:210,16
DA:215,1
DA:216,1
DA:222,16
DA:223,16
DA:224,16
DA:225,16
DA:227,16
DA:232,2
DA:234,2
DA:235,2
DA:240,2
DA:245,2
DA:256,17
DA:257,6
DA:258,6
DA:260,11
LF:74
LH:73
BRDA:54,0,0,1
BRDA:55,1,0,16
BRDA:55,1,1,6
BRDA:75,2,0,5
BRDA:79,3,0,1
BRDA:79,3,1,4
BRDA:80,4,0,1
BRDA:80,4,1,0
BRDA:97,5,0,1
BRDA:106,6,0,1
BRDA:114,7,0,4
BRDA:116,8,0,0
BRDA:116,8,1,4
BRDA:116,9,0,4
BRDA:116,9,1,4
BRDA:128,10,0,1
BRDA:186,11,0,5
BRDA:210,12,0,1
BRDA:211,13,0,16
BRDA:211,13,1,5
BRDA:211,13,2,2
BRDA:216,14,0,0
BRDA:216,14,1,1
BRDA:216,15,0,1
BRDA:216,15,1,1
BRDA:218,16,0,0
BRDA:218,16,1,1
BRDA:234,17,0,2
BRDA:240,18,0,1
BRDA:240,18,1,1
BRDA:240,19,0,2
BRDA:240,19,1,2
BRDA:242,20,0,1
BRDA:242,20,1,0
BRDA:251,21,0,0
BRDA:251,21,1,2
BRDA:256,22,0,6
BRDA:256,22,1,11
BRF:38
BRH:32
end_of_record
TN:
SF:src/lambda/ApiGateway/telemetry/ParentContext.ts
FN:16,(anonymous_6)
FNF:1
FNH:1
FNDA:14,(anonymous_6)
DA:1,4
DA:10,4
DA:11,4
DA:16,4
DA:17,14
DA:18,14
DA:20,14
DA:21,14
DA:28,14
DA:29,3
DA:44,14
DA:45,2
DA:49,14
LF:13
LH:13
BRDA:20,0,0,14
BRDA:20,1,0,14
BRDA:20,1,1,0
BRDA:28,2,0,3
BRDA:44,3,0,2
BRF:5
BRH:4
end_of_record
TN:
SF:src/lambda/ApiGateway/telemetry/Wrapper.ts
FN:20,(anonymous_6)
FN:23,(anonymous_7)
FN:51,(anonymous_8)
FN:61,(anonymous_9)
FN:73,(anonymous_10)
FN:93,(anonymous_11)
FNF:6
FNH:6
FNDA:10,(anonymous_6)
FNDA:10,(anonymous_7)
FNDA:20,(anonymous_8)
FNDA:10,(anonymous_9)
FNDA:10,(anonymous_10)
FNDA:10,(anonymous_11)
DA:9,3
DA:10,3
DA:12,3
DA:13,3
DA:17,3
DA:18,3
DA:20,3
DA:23,10
DA:28,10
DA:29,10
DA:30,10
DA:32,10
DA:41,10
DA:42,10
DA:46,10
DA:47,10
DA:51,20
DA:57,10
DA:58,10
DA:61,10
DA:69,10
DA:70,10
DA:73,10
DA:81,10
DA:90,10
DA:91,10
DA:93,10
DA:96,9
DA:97,0
DA:100,0
DA:103,9
DA:104,9
DA:105,9
DA:106,9
DA:108,1
DA:109,1
DA:110,1
DA:111,1
DA:112,1
LF:39
LH:37
BRDA:41,0,0,10
BRDA:41,1,0,0
BRDA:41,1,1,10
BRDA:41,2,0,10
BRDA:41,2,1,10
BRDA:46,3,0,10
BRDA:51,4,0,10
BRDA:51,4,1,10
BRDA:51,5,0,0
BRDA:51,5,1,20
BRDA:51,6,0,20
BRDA:51,6,1,20
BRDA:57,7,0,10
BRDA:64,8,0,10
BRDA:64,8,1,0
BRDA:64,9,0,0
BRDA:64,9,1,10
BRDA:64,10,0,10
BRDA:64,10,1,10
BRDA:69,11,0,10
BRDA:96,12,0,0
BRF:21
BRH:16
end_of_record
TN:
SF:src/lambda/EventBridge/event.ts
FN:10,(anonymous_0)
FN:37,(anonymous_1)
FNF:2
FNH:2
FNDA:2,(anonymous_0)
FNDA:4,(anonymous_1)
DA:4,1
DA:5,1
DA:7,1
DA:8,1
DA:10,1
DA:32,2
DA:37,2
DA:42,4
DA:45,4
DA:47,4
DA:49,4
DA:50,2
DA:51,2
DA:53,1
DA:56,1
DA:57,1
DA:58,1
DA:62,3
DA:65,2
LF:19
LH:19
BRDA:49,0,0,2
BRF:1
BRH:1
end_of_record
TN:
SF:src/lambda/EventBridge/telemetry/ParentContext.ts
FN:11,(anonymous_6)
FNF:1
FNH:1
FNDA:4,(anonymous_6)
DA:1,2
DA:6,2
DA:11,2
DA:14,4
DA:16,4
DA:17,4
DA:23,4
DA:25,1
DA:28,4
LF:9
LH:9
BRDA:16,0,0,4
BRDA:23,1,0,1
BRF:2
BRH:2
end_of_record
TN:
SF:src/lambda/EventBridge/telemetry/Wrapper.ts
FN:6,(anonymous_6)
FN:9,(anonymous_7)
FN:29,(anonymous_8)
FNF:3
FNH:3
FNDA:1,(anonymous_6)
FNDA:1,(anonymous_7)
FNDA:1,(anonymous_8)
DA:1,1
DA:3,1
DA:4,1
DA:6,1
DA:9,1
DA:14,1
DA:15,1
DA:27,1
DA:30,1
DA:34,1
DA:35,1
LF:11
LH:11
BRF:0
BRH:0
end_of_record
TN:
SF:src/lambda/SQS/ControllerFactory.ts
FN:22,(anonymous_0)
FN:32,(anonymous_1)
FN:52,(anonymous_2)
FN:60,(anonymous_3)
FN:68,(anonymous_4)
FN:84,(anonymous_5)
FN:91,(anonymous_6)
FN:97,(anonymous_7)
FN:112,(anonymous_8)
FNF:9
FNH:9
FNDA:2,(anonymous_0)
FNDA:1,(anonymous_1)
FNDA:4,(anonymous_2)
FNDA:1,(anonymous_3)
FNDA:2,(anonymous_4)
FNDA:2,(anonymous_5)
FNDA:6,(anonymous_6)
FNDA:6,(anonymous_7)
FNDA:8,(anonymous_8)
DA:6,2
DA:7,2
DA:11,2
DA:23,2
DA:25,2
DA:26,2
DA:27,2
DA:29,2
DA:38,1
DA:44,1
DA:45,1
DA:46,1
DA:47,1
DA:49,1
DA:53,4
DA:54,4
DA:55,4
DA:56,4
DA:57,4
DA:61,1
DA:62,1
DA:63,1
DA:64,1
DA:65,1
DA:84,2
DA:86,2
DA:92,6
DA:96,2
DA:98,6
DA:103,2
DA:109,2
DA:118,8
LF:32
LH:32
BRDA:36,0,0,0
BRDA:44,1,0,1
BRDA:44,1,1,1
BRF:3
BRH:2
end_of_record
TN:
SF:src/lambda/SQS/sqs.ts
FN:22,(anonymous_0)
FN:42,(anonymous_1)
FN:53,(anonymous_2)
FN:63,(anonymous_3)
FN:71,(anonymous_4)
FN:72,(anonymous_5)
FN:74,(anonymous_6)
FN:86,(anonymous_7)
FNF:8
FNH:7
FNDA:9,(anonymous_0)
FNDA:14,(anonymous_1)
FNDA:0,(anonymous_2)
FNDA:9,(anonymous_3)
FNDA:14,(anonymous_4)
FNDA:9,(anonymous_5)
FNDA:14,(anonymous_6)
FNDA:14,(anonymous_7)
DA:12,3
DA:13,3
DA:17,3
DA:18,3
DA:19,3
DA:20,3
DA:22,3
DA:37,9
DA:42,9
DA:43,14
DA:44,14
DA:46,14
DA:47,14
DA:49,2
DA:52,12
DA:53,12
DA:55,5
DA:59,9
DA:60,5
DA:63,9
DA:64,9
DA:66,9
DA:70,9
DA:71,14
DA:73,9
DA:75,14
DA:76,14
DA:80,0
DA:83,0
DA:84,0
DA:86,14
DA:89,9
DA:90,5
DA:93,9
LF:34
LH:31
BRDA:59,0,0,5
BRDA:75,1,0,14
BRDA:89,2,0,5
BRF:3
BRH:3
end_of_record
TN:
SF:src/lambda/SQS/Telemetry/ParentContext.ts
FN:9,(anonymous_6)
FN:13,(anonymous_7)
FN:18,(anonymous_8)
FNF:3
FNH:2
FNDA:0,(anonymous_6)
FNDA:10,(anonymous_7)
FNDA:10,(anonymous_8)
DA:1,3
DA:8,3
DA:10,0
DA:14,10
DA:18,3
DA:19,10
DA:21,10
DA:27,10
LF:8
LH:7
BRDA:14,0,0,10
BRDA:14,0,1,0
BRDA:14,1,0,10
BRDA:14,1,1,10
BRF:4
BRH:3
end_of_record
TN:
SF:src/lambda/SQS/Telemetry/Wrapper.ts
FN:15,(anonymous_6)
FN:21,(anonymous_7)
FN:51,(anonymous_8)
FNF:3
FNH:3
FNDA:5,(anonymous_6)
FNDA:10,(anonymous_7)
FNDA:10,(anonymous_8)
DA:2,3
DA:3,3
DA:4,3
DA:10,3
DA:11,3
DA:12,3
DA:13,3
DA:15,3
DA:21,5
DA:22,10
DA:23,10
DA:25,10
DA:36,10
DA:38,10
DA:49,10
DA:51,10
DA:54,10
DA:55,6
DA:56,6
DA:59,10
DA:60,10
LF:21
LH:21
BRDA:54,0,0,6
BRF:1
BRH:1
end_of_record
TN:
SF:src/lambda/utils/logger.ts
FNF:0
FNH:0
DA:1,17
DA:3,17
DA:8,17
LF:3
LH:3
BRDA:4,0,0,0
BRDA:4,0,1,17
BRDA:4,1,0,17
BRDA:4,1,1,17
BRF:4
BRH:3
end_of_record
TN:
SF:src/lambda/utils/secrets_manager.ts
FN:26,(anonymous_0)
FN:37,(anonymous_1)
FN:41,(anonymous_2)
FN:47,(anonymous_3)
FN:51,(anonymous_4)
FNF:5
FNH:5
FNDA:17,(anonymous_0)
FNDA:1,(anonymous_1)
FNDA:12,(anonymous_2)
FNDA:38,(anonymous_3)
FNDA:46,(anonymous_4)
DA:3,8
DA:10,8
DA:11,8
DA:13,8
DA:26,8
DA:31,17
DA:37,8
DA:38,1
DA:41,8
DA:42,12
DA:43,11
DA:47,8
DA:51,38
DA:52,46
DA:53,46
DA:55,46
DA:56,46
DA:58,46
DA:59,16
DA:61,16
DA:63,16
DA:65,15
DA:68,15
DA:70,1
DA:71,1
DA:77,46
DA:78,46
DA:79,14
DA:80,14
DA:81,14
DA:84,46
DA:85,16
DA:86,15
DA:89,15
DA:90,2
DA:97,1
DA:99,13
DA:106,13
DA:109,14
DA:110,1
DA:115,13
DA:119,13
DA:120,12
DA:123,13
DA:127,13
DA:133,44
DA:136,38
LF:47
LH:47
BRDA:29,0,0,1
BRDA:55,1,0,46
BRDA:61,2,0,16
BRDA:61,2,1,2
BRDA:63,3,0,15
BRDA:63,3,1,1
BRDA:63,4,0,16
BRDA:63,4,1,2
BRDA:85,5,0,15
BRDA:89,6,0,2
BRDA:89,6,1,13
BRDA:109,7,0,1
BRDA:109,8,0,14
BRDA:109,8,1,11
BRDA:119,9,0,12
BRF:15
BRH:15
end_of_record
TN:
SF:src/lambda/utils/secrets_manager_aws.ts
FN:5,(anonymous_0)
FNF:1
FNH:0
FNDA:0,(anonymous_0)
DA:1,6
DA:3,6
DA:5,6
DA:6,0
DA:10,0
DA:12,0
DA:13,0
DA:16,0
DA:17,0
DA:18,0
DA:20,0
LF:11
LH:3
BRDA:12,0,0,0
BRF:1
BRH:0
end_of_record
TN:
SF:src/lambda/utils/sentry.ts
FN:11,wrapSentry
FNF:1
FNH:1
FNDA:4,wrapSentry
DA:1,8
DA:4,8
DA:11,8
DA:14,4
DA:17,8
LF:5
LH:5
BRDA:8,0,0,8
BRDA:8,0,1,8
BRF:2
BRH:2
end_of_record
TN:
SF:src/lambda/utils/telemetry.ts
FN:23,(anonymous_1)
FN:43,(anonymous_2)
FN:50,(anonymous_3)
FN:51,(anonymous_4)
FN:71,(anonymous_5)
FN:93,(anonymous_6)
FN:97,(anonymous_7)
FN:102,(anonymous_8)
FNF:8
FNH:7
FNDA:4,(anonymous_1)
FNDA:13,(anonymous_2)
FNDA:13,(anonymous_3)
FNDA:16,(anonymous_4)
FNDA:16,(anonymous_5)
FNDA:0,(anonymous_6)
FNDA:22,(anonymous_7)
FNDA:20,(anonymous_8)
DA:1,17
DA:8,17
DA:10,17
DA:14,17
DA:15,17
DA:16,17
DA:19,17
DA:21,17
DA:23,17
DA:24,4
DA:28,4
DA:43,17
DA:44,13
DA:47,13
DA:50,17
DA:51,13
DA:52,16
DA:53,16
DA:68,16
DA:69,16
DA:72,16
DA:75,11
DA:76,11
DA:78,5
DA:79,5
DA:81,5
DA:85,5
DA:87,5
DA:92,17
DA:94,0
DA:98,22
DA:102,17
DA:103,20
DA:105,20
DA:107,20
DA:111,20
DA:112,20
DA:114,20
DA:116,0
DA:117,0
DA:121,20
DA:123,20
DA:125,0
DA:127,0
DA:129,0
DA:130,0
LF:46
LH:39
BRDA:83,0,0,5
BRDA:83,0,1,0
BRDA:105,1,0,20
BRDA:111,2,0,20
BRDA:123,3,0,0
BRF:5
BRH:3
end_of_record
TN:
SF:src/test_utils/apigateway.ts
FN:17,(anonymous_1)
FN:27,(anonymous_2)
FN:37,(anonymous_3)
FN:45,(anonymous_4)
FN:50,(anonymous_5)
FN:61,(anonymous_6)
FN:70,(anonymous_7)
FN:80,(anonymous_8)
FN:90,(anonymous_9)
FN:107,(anonymous_10)
FN:116,(anonymous_11)
FN:124,(anonymous_12)
FN:135,(anonymous_13)
FN:144,(anonymous_14)
FN:153,(anonymous_15)
FNF:15
FNH:12
FNDA:2,(anonymous_1)
FNDA:1,(anonymous_2)
FNDA:1,(anonymous_3)
FNDA:0,(anonymous_4)
FNDA:0,(anonymous_5)
FNDA:2,(anonymous_6)
FNDA:2,(anonymous_7)
FNDA:1,(anonymous_8)
FNDA:1,(anonymous_9)
FNDA:1,(anonymous_10)
FNDA:1,(anonymous_11)
FNDA:1,(anonymous_12)
FNDA:2,(anonymous_13)
FNDA:1,(anonymous_14)
FNDA:0,(anonymous_15)
DA:1,4
DA:3,4
DA:5,4
DA:7,4
DA:9,4
DA:10,4
DA:12,4
DA:14,4
DA:17,4
DA:18,2
DA:24,4
DA:27,4
DA:28,1
DA:34,4
DA:37,4
DA:38,1
DA:42,4
DA:45,4
DA:46,0
DA:50,4
DA:56,4
DA:61,4
DA:62,2
DA:65,4
DA:70,4
DA:71,2
DA:75,4
DA:80,4
DA:81,1
DA:85,4
DA:90,4
DA:91,1
DA:92,1
DA:96,1
DA:102,4
DA:107,4
DA:108,1
DA:111,4
DA:116,4
DA:117,1
DA:119,4
DA:124,4
DA:125,1
DA:130,4
DA:135,4
DA:136,2
DA:140,4
DA:144,4
DA:145,1
DA:149,4
DA:153,4
LF:51
LH:50
BRF:0
BRH:0
end_of_record
TN:
SF:src/test_utils/utils.ts
FN:23,(anonymous_0)
FN:28,(anonymous_1)
FN:37,(anonymous_2)
FN:178,(anonymous_3)
FN:179,(anonymous_4)
FN:180,(anonymous_5)
FN:181,(anonymous_6)
FNF:7
FNH:3
FNDA:0,(anonymous_0)
FNDA:68,(anonymous_1)
FNDA:68,(anonymous_2)
FNDA:21,(anonymous_3)
FNDA:0,(anonymous_4)
FNDA:0,(anonymous_5)
FNDA:0,(anonymous_6)
DA:1,17
DA:6,17
DA:8,17
DA:19,17
DA:22,17
DA:24,0
DA:28,17
DA:32,68
DA:33,68
DA:38,68
DA:42,68
DA:45,17
DA:46,17
DA:47,17
DA:48,17
DA:52,17
DA:59,17
DA:66,17
DA:70,17
DA:75,17
DA:82,17
DA:89,17
DA:93,17
DA:98,17
DA:112,17
DA:169,17
DA:178,21
LF:27
LH:26
BRF:0
BRH:0
end_of_record
TN:
SF:src/util/aws.ts
FN:1,(anonymous_0)
FN:9,(anonymous_1)
FNF:2
FNH:2
FNDA:16,(anonymous_0)
FNDA:10,(anonymous_1)
DA:1,17
DA:2,16
DA:3,16
DA:4,16
DA:6,0
DA:9,17
DA:10,10
DA:11,10
DA:12,0
DA:14,10
LF:10
LH:8
BRDA:3,0,0,16
BRDA:11,1,0,0
BRF:2
BRH:1
end_of_record
TN:
SF:src/util/eventbridge.ts
FN:7,(anonymous_0)
FN:9,(anonymous_1)
FN:13,(anonymous_2)
FN:17,(anonymous_3)
FNF:4
FNH:2
FNDA:4,(anonymous_0)
FNDA:3,(anonymous_1)
FNDA:0,(anonymous_2)
FNDA:0,(anonymous_3)
DA:5,1
DA:7,4
DA:10,3
DA:14,0
DA:18,0
LF:5
LH:3
BRF:0
BRH:0
end_of_record
TN:
SF:src/util/exceptions.ts
FN:4,(anonymous_1)
FNF:1
FNH:1
FNDA:7,(anonymous_1)
DA:1,7
DA:2,7
DA:4,7
DA:5,7
DA:7,7
DA:8,4
LF:6
LH:6
BRDA:7,0,0,4
BRDA:7,1,0,3
BRDA:7,1,1,4
BRDA:7,2,0,7
BRDA:7,2,1,7
BRDA:8,3,0,0
BRDA:8,3,1,4
BRDA:8,4,0,4
BRDA:8,4,1,4
BRF:9
BRH:8
end_of_record
TN:
SF:src/util/validateRecord.ts
FN:4,(anonymous_0)
FNF:1
FNH:1
FNDA:14,(anonymous_0)
DA:2,3
DA:4,3
DA:8,14
DA:9,8
DA:10,8
DA:15,2
DA:16,2
DA:17,2
DA:18,2
DA:20,2
LF:10
LH:10
BRDA:8,0,0,8
BRF:1
BRH:1
end_of_record
TN:
SF:src/util/apigateway/apigateway.ts
FN:6,(anonymous_0)
FN:15,(anonymous_1)
FNF:2
FNH:1
FNDA:22,(anonymous_0)
FNDA:0,(anonymous_1)
DA:3,2
DA:5,2
DA:6,22
DA:7,22
DA:16,0
LF:5
LH:4
BRF:0
BRH:0
end_of_record
TN:
SF:src/util/apigateway/request.ts
FN:9,(anonymous_0)
FN:16,(anonymous_1)
FN:20,(anonymous_2)
FN:38,(anonymous_3)
FN:42,(anonymous_4)
FN:46,(anonymous_5)
FNF:6
FNH:6
FNDA:25,(anonymous_0)
FNDA:1,(anonymous_1)
FNDA:31,(anonymous_2)
FNDA:3,(anonymous_3)
FNDA:3,(anonymous_4)
FNDA:3,(anonymous_5)
DA:5,3
DA:10,25
DA:11,25
DA:12,25
DA:13,25
DA:17,1
DA:21,31
DA:25,25
DA:27,25
DA:28,21
DA:31,25
DA:32,2
DA:35,24
DA:39,3
DA:43,3
DA:47,3
LF:16
LH:16
BRDA:11,0,0,1
BRDA:12,1,0,1
BRDA:13,2,0,1
BRDA:21,3,0,6
BRDA:25,4,0,25
BRDA:25,4,1,2
BRDA:27,5,0,21
BRDA:27,6,0,2
BRDA:27,6,1,23
BRDA:27,7,0,25
BRDA:27,7,1,25
BRDA:31,8,0,2
BRDA:31,9,0,25
BRDA:31,9,1,2
BRDA:39,10,0,3
BRDA:39,10,1,1
BRDA:43,11,0,3
BRDA:43,11,1,1
BRF:18
BRH:18
end_of_record
TN:
SF:src/util/apigateway/response.ts
FN:12,(anonymous_2)
FN:18,(anonymous_3)
FN:22,(anonymous_4)
FN:26,(anonymous_5)
FN:31,(anonymous_6)
FN:34,(anonymous_7)
FN:41,(anonymous_8)
FN:48,(anonymous_9)
FN:57,(anonymous_10)
FN:62,(anonymous_11)
FN:66,(anonymous_12)
FN:72,(anonymous_13)
FN:81,(anonymous_14)
FN:90,(anonymous_15)
FN:99,(anonymous_16)
FN:108,(anonymous_17)
FN:117,(anonymous_18)
FN:124,(anonymous_19)
FN:131,(anonymous_20)
FN:138,(anonymous_21)
FN:145,(anonymous_22)
FN:152,(anonymous_23)
FN:159,(anonymous_24)
FNF:23
FNH:18
FNDA:31,(anonymous_2)
FNDA:18,(anonymous_3)
FNDA:23,(anonymous_4)
FNDA:15,(anonymous_5)
FNDA:15,(anonymous_6)
FNDA:11,(anonymous_7)
FNDA:1,(anonymous_8)
FNDA:3,(anonymous_9)
FNDA:16,(anonymous_10)
FNDA:8,(anonymous_11)
FNDA:5,(anonymous_12)
FNDA:0,(anonymous_13)
FNDA:0,(anonymous_14)
FNDA:0,(anonymous_15)
FNDA:0,(anonymous_16)
FNDA:0,(anonymous_17)
FNDA:3,(anonymous_18)
FNDA:3,(anonymous_19)
FNDA:3,(anonymous_20)
FNDA:1,(anonymous_21)
FNDA:1,(anonymous_22)
FNDA:1,(anonymous_23)
FNDA:4,(anonymous_24)
DA:1,6
DA:13,31
DA:14,31
DA:15,31
DA:19,18
DA:23,23
DA:27,15
DA:31,6
DA:32,15
DA:38,11
DA:45,1
DA:52,3
DA:57,6
DA:58,16
DA:60,16
DA:63,8
DA:67,5
DA:68,5
DA:71,16
DA:73,0
DA:76,0
DA:77,0
DA:80,16
DA:82,0
DA:85,0
DA:86,0
DA:89,16
DA:91,0
DA:94,0
DA:95,0
DA:98,16
DA:100,0
DA:103,0
DA:104,0
DA:107,16
DA:109,0
DA:112,0
DA:113,0
DA:114,0
DA:121,3
DA:128,3
DA:135,3
DA:142,1
DA:149,1
DA:156,1
DA:163,4
LF:46
LH:30
BRDA:36,0,0,11
BRDA:43,1,0,1
BRDA:49,2,0,3
BRDA:73,3,0,0
BRDA:73,3,1,0
BRDA:73,4,0,0
BRDA:73,4,1,0
BRDA:82,5,0,0
BRDA:82,5,1,0
BRDA:82,6,0,0
BRDA:82,6,1,0
BRDA:91,7,0,0
BRDA:91,7,1,0
BRDA:91,8,0,0
BRDA:91,8,1,0
BRDA:100,9,0,0
BRDA:100,9,1,0
BRDA:100,10,0,0
BRDA:100,10,1,0
BRDA:109,11,0,0
BRDA:109,11,1,0
BRDA:109,12,0,0
BRDA:109,12,1,0
BRDA:118,13,0,0
BRDA:119,14,0,3
BRDA:125,15,0,0
BRDA:126,16,0,3
BRDA:132,17,0,0
BRDA:133,18,0,3
BRDA:139,19,0,0
BRDA:140,20,0,1
BRDA:146,21,0,0
BRDA:147,22,0,1
BRDA:153,23,0,0
BRDA:154,24,0,1
BRDA:160,25,0,0
BRDA:161,26,0,4
BRF:37
BRH:10
end_of_record
TN:
SF:src/util/sqs/record.ts
FN:7,(anonymous_0)
FN:9,(anonymous_1)
FN:13,(anonymous_2)
FN:17,(anonymous_3)
FN:34,(anonymous_4)
FNF:5
FNH:5
FNDA:20,(anonymous_0)
FNDA:1,(anonymous_1)
FNDA:11,(anonymous_2)
FNDA:29,(anonymous_3)
FNDA:10,(anonymous_4)
DA:6,4
DA:7,20
DA:10,1
DA:14,11
DA:18,29
DA:19,16
DA:21,13
DA:22,2
DA:25,11
DA:26,1
DA:29,10
DA:30,8
DA:34,4
DA:37,10
LF:14
LH:14
BRDA:18,0,0,16
BRDA:21,1,0,2
BRDA:21,2,0,10
BRDA:21,2,1,3
BRDA:21,3,0,13
BRDA:21,3,1,13
BRDA:25,4,0,1
BRDA:25,5,0,10
BRDA:25,5,1,1
BRDA:25,6,0,11
BRDA:25,6,1,11
BRF:11
BRH:11
end_of_record
